{"/Users/belvatalithadwiyanti/Documents/Projects/financial-manager/tailwind.config.js": {"path":"/Users/belvatalithadwiyanti/Documents/Projects/financial-manager/tailwind.config.js","statementMap":{"0":{"start":{"line":2,"column":0},"end":{"line":77,"column":2}}},"fnMap":{},"branchMap":{},"s":{"0":0},"f":{},"b":{}}
,"/Users/belvatalithadwiyanti/Documents/Projects/financial-manager/src/App.tsx": {"path":"/Users/belvatalithadwiyanti/Documents/Projects/financial-manager/src/App.tsx","statementMap":{"0":{"start":{"line":9,"column":15},"end":{"line":96,"column":null}},"1":{"start":{"line":13,"column":6},"end":{"line":15,"column":null}},"2":{"start":{"line":13,"column":51},"end":{"line":15,"column":null}},"3":{"start":{"line":20,"column":6},"end":{"line":22,"column":null}},"4":{"start":{"line":20,"column":51},"end":{"line":22,"column":null}},"5":{"start":{"line":27,"column":6},"end":{"line":29,"column":null}},"6":{"start":{"line":28,"column":8},"end":{"line":28,"column":null}},"7":{"start":{"line":37,"column":10},"end":{"line":41,"column":null}},"8":{"start":{"line":38,"column":12},"end":{"line":40,"column":null}},"9":{"start":{"line":46,"column":10},"end":{"line":50,"column":null}},"10":{"start":{"line":47,"column":12},"end":{"line":49,"column":null}},"11":{"start":{"line":60,"column":10},"end":{"line":64,"column":null}},"12":{"start":{"line":61,"column":12},"end":{"line":63,"column":null}},"13":{"start":{"line":74,"column":10},"end":{"line":78,"column":null}},"14":{"start":{"line":75,"column":12},"end":{"line":77,"column":null}},"15":{"start":{"line":88,"column":10},"end":{"line":92,"column":null}},"16":{"start":{"line":89,"column":12},"end":{"line":91,"column":null}},"17":{"start":{"line":99,"column":2},"end":{"line":111,"column":42}},"18":{"start":{"line":101,"column":6},"end":{"line":103,"column":null}},"19":{"start":{"line":102,"column":8},"end":{"line":102,"column":null}},"20":{"start":{"line":104,"column":6},"end":{"line":109,"column":null}},"21":{"start":{"line":111,"column":22},"end":{"line":111,"column":40}},"22":{"start":{"line":114,"column":17},"end":{"line":122,"column":null}},"23":{"start":{"line":115,"column":4},"end":{"line":121,"column":null}}},"fnMap":{"0":{"name":"(anonymous_0)","decl":{"start":{"line":12,"column":10},"end":{"line":12,"column":null}},"loc":{"start":{"line":13,"column":6},"end":{"line":15,"column":null}}},"1":{"name":"(anonymous_1)","decl":{"start":{"line":13,"column":35},"end":{"line":13,"column":36}},"loc":{"start":{"line":13,"column":51},"end":{"line":15,"column":null}}},"2":{"name":"(anonymous_2)","decl":{"start":{"line":19,"column":10},"end":{"line":19,"column":null}},"loc":{"start":{"line":20,"column":6},"end":{"line":22,"column":null}}},"3":{"name":"(anonymous_3)","decl":{"start":{"line":20,"column":35},"end":{"line":20,"column":36}},"loc":{"start":{"line":20,"column":51},"end":{"line":22,"column":null}}},"4":{"name":"(anonymous_4)","decl":{"start":{"line":26,"column":10},"end":{"line":26,"column":null}},"loc":{"start":{"line":27,"column":6},"end":{"line":29,"column":null}}},"5":{"name":"(anonymous_5)","decl":{"start":{"line":27,"column":35},"end":{"line":27,"column":36}},"loc":{"start":{"line":27,"column":49},"end":{"line":29,"column":null}}},"6":{"name":"(anonymous_6)","decl":{"start":{"line":36,"column":14},"end":{"line":36,"column":null}},"loc":{"start":{"line":37,"column":10},"end":{"line":41,"column":null}}},"7":{"name":"(anonymous_7)","decl":{"start":{"line":37,"column":39},"end":{"line":37,"column":40}},"loc":{"start":{"line":37,"column":49},"end":{"line":41,"column":null}}},"8":{"name":"(anonymous_8)","decl":{"start":{"line":45,"column":14},"end":{"line":45,"column":null}},"loc":{"start":{"line":46,"column":10},"end":{"line":50,"column":null}}},"9":{"name":"(anonymous_9)","decl":{"start":{"line":46,"column":39},"end":{"line":46,"column":40}},"loc":{"start":{"line":46,"column":49},"end":{"line":50,"column":null}}},"10":{"name":"(anonymous_10)","decl":{"start":{"line":59,"column":14},"end":{"line":59,"column":null}},"loc":{"start":{"line":60,"column":10},"end":{"line":64,"column":null}}},"11":{"name":"(anonymous_11)","decl":{"start":{"line":60,"column":39},"end":{"line":60,"column":40}},"loc":{"start":{"line":60,"column":56},"end":{"line":64,"column":null}}},"12":{"name":"(anonymous_12)","decl":{"start":{"line":73,"column":14},"end":{"line":73,"column":null}},"loc":{"start":{"line":74,"column":10},"end":{"line":78,"column":null}}},"13":{"name":"(anonymous_13)","decl":{"start":{"line":74,"column":39},"end":{"line":74,"column":40}},"loc":{"start":{"line":74,"column":58},"end":{"line":78,"column":null}}},"14":{"name":"(anonymous_14)","decl":{"start":{"line":87,"column":14},"end":{"line":87,"column":null}},"loc":{"start":{"line":88,"column":10},"end":{"line":92,"column":null}}},"15":{"name":"(anonymous_15)","decl":{"start":{"line":88,"column":39},"end":{"line":88,"column":40}},"loc":{"start":{"line":88,"column":62},"end":{"line":92,"column":null}}},"16":{"name":"(anonymous_16)","decl":{"start":{"line":100,"column":10},"end":{"line":100,"column":11}},"loc":{"start":{"line":100,"column":11},"end":{"line":110,"column":null}}},"17":{"name":"(anonymous_17)","decl":{"start":{"line":111,"column":12},"end":{"line":111,"column":13}},"loc":{"start":{"line":111,"column":22},"end":{"line":111,"column":40}}},"18":{"name":"App","decl":{"start":{"line":113,"column":9},"end":{"line":113,"column":null}},"loc":{"start":{"line":113,"column":9},"end":{"line":133,"column":null}}},"19":{"name":"(anonymous_19)","decl":{"start":{"line":114,"column":25},"end":{"line":114,"column":null}},"loc":{"start":{"line":114,"column":25},"end":{"line":122,"column":5}}}},"branchMap":{"0":{"loc":{"start":{"line":99,"column":2},"end":{"line":111,"column":42}},"type":"binary-expr","locations":[{"start":{"line":99,"column":2},"end":{"line":111,"column":40}},{"start":{"line":111,"column":40},"end":{"line":111,"column":42}}]},"1":{"loc":{"start":{"line":101,"column":6},"end":{"line":103,"column":null}},"type":"if","locations":[{"start":{"line":101,"column":6},"end":{"line":103,"column":null}},{"start":{},"end":{}}]},"2":{"loc":{"start":{"line":101,"column":10},"end":{"line":101,"column":55}},"type":"binary-expr","locations":[{"start":{"line":101,"column":10},"end":{"line":101,"column":31}},{"start":{"line":101,"column":31},"end":{"line":101,"column":55}}]},"3":{"loc":{"start":{"line":106,"column":11},"end":{"line":106,"column":27}},"type":"binary-expr","locations":[{"start":{"line":106,"column":11},"end":{"line":106,"column":26}},{"start":{"line":106,"column":26},"end":{"line":106,"column":27}}]},"4":{"loc":{"start":{"line":107,"column":11},"end":{"line":107,"column":27}},"type":"binary-expr","locations":[{"start":{"line":107,"column":11},"end":{"line":107,"column":26}},{"start":{"line":107,"column":26},"end":{"line":107,"column":27}}]}},"s":{"0":0,"1":0,"2":0,"3":0,"4":0,"5":0,"6":0,"7":0,"8":0,"9":0,"10":0,"11":0,"12":0,"13":0,"14":0,"15":0,"16":0,"17":0,"18":0,"19":0,"20":0,"21":0,"22":0,"23":0},"f":{"0":0,"1":0,"2":0,"3":0,"4":0,"5":0,"6":0,"7":0,"8":0,"9":0,"10":0,"11":0,"12":0,"13":0,"14":0,"15":0,"16":0,"17":0,"18":0,"19":0},"b":{"0":[0,0],"1":[0,0],"2":[0,0],"3":[0,0],"4":[0,0]}}
,"/Users/belvatalithadwiyanti/Documents/Projects/financial-manager/src/components/layout-provider.tsx": {"path":"/Users/belvatalithadwiyanti/Documents/Projects/financial-manager/src/components/layout-provider.tsx","statementMap":{"0":{"start":{"line":12,"column":22},"end":{"line":12,"column":null}},"1":{"start":{"line":13,"column":44},"end":{"line":13,"column":null}},"2":{"start":{"line":14,"column":19},"end":{"line":14,"column":null}},"3":{"start":{"line":16,"column":2},"end":{"line":19,"column":null}},"4":{"start":{"line":17,"column":4},"end":{"line":18,"column":null}},"5":{"start":{"line":17,"column":18},"end":{"line":17,"column":null}},"6":{"start":{"line":18,"column":9},"end":{"line":18,"column":null}},"7":{"start":{"line":21,"column":24},"end":{"line":23,"column":null}},"8":{"start":{"line":22,"column":4},"end":{"line":22,"column":null}}},"fnMap":{"0":{"name":"LayoutProvider","decl":{"start":{"line":7,"column":9},"end":{"line":7,"column":24}},"loc":{"start":{"line":11,"column":1},"end":{"line":55,"column":null}}},"1":{"name":"(anonymous_1)","decl":{"start":{"line":16,"column":12},"end":{"line":16,"column":null}},"loc":{"start":{"line":16,"column":12},"end":{"line":19,"column":5}}},"2":{"name":"(anonymous_2)","decl":{"start":{"line":21,"column":24},"end":{"line":21,"column":null}},"loc":{"start":{"line":21,"column":24},"end":{"line":23,"column":null}}}},"branchMap":{"0":{"loc":{"start":{"line":17,"column":4},"end":{"line":18,"column":null}},"type":"if","locations":[{"start":{"line":17,"column":4},"end":{"line":18,"column":null}},{"start":{"line":18,"column":9},"end":{"line":18,"column":null}}]},"1":{"loc":{"start":{"line":35,"column":10},"end":{"line":46,"column":12}},"type":"cond-expr","locations":[{"start":{"line":36,"column":14},"end":{"line":36,"column":null}},{"start":{"line":37,"column":14},"end":{"line":46,"column":12}}]},"2":{"loc":{"start":{"line":39,"column":12},"end":{"line":45,"column":18}},"type":"cond-expr","locations":[{"start":{"line":40,"column":16},"end":{"line":40,"column":null}},{"start":{"line":41,"column":16},"end":{"line":45,"column":18}}]},"3":{"loc":{"start":{"line":42,"column":18},"end":{"line":44,"column":null}},"type":"cond-expr","locations":[{"start":{"line":43,"column":22},"end":{"line":43,"column":null}},{"start":{"line":44,"column":22},"end":{"line":44,"column":null}}]}},"s":{"0":0,"1":0,"2":0,"3":0,"4":0,"5":0,"6":0,"7":0,"8":0},"f":{"0":0,"1":0,"2":0},"b":{"0":[0,0],"1":[0,0],"2":[0,0],"3":[0,0]}}
,"/Users/belvatalithadwiyanti/Documents/Projects/financial-manager/src/components/theme-provider.tsx": {"path":"/Users/belvatalithadwiyanti/Documents/Projects/financial-manager/src/components/theme-provider.tsx","statementMap":{"0":{"start":{"line":16,"column":41},"end":{"line":19,"column":null}},"1":{"start":{"line":18,"column":18},"end":{"line":18,"column":null}},"2":{"start":{"line":21,"column":29},"end":{"line":21,"column":null}},"3":{"start":{"line":29,"column":28},"end":{"line":30,"column":null}},"4":{"start":{"line":30,"column":10},"end":{"line":30,"column":null}},"5":{"start":{"line":33,"column":2},"end":{"line":49,"column":null}},"6":{"start":{"line":34,"column":17},"end":{"line":34,"column":48}},"7":{"start":{"line":36,"column":4},"end":{"line":36,"column":null}},"8":{"start":{"line":38,"column":4},"end":{"line":46,"column":null}},"9":{"start":{"line":39,"column":26},"end":{"line":42,"column":null}},"10":{"start":{"line":44,"column":6},"end":{"line":44,"column":null}},"11":{"start":{"line":45,"column":6},"end":{"line":45,"column":null}},"12":{"start":{"line":48,"column":4},"end":{"line":48,"column":null}},"13":{"start":{"line":51,"column":16},"end":{"line":57,"column":null}},"14":{"start":{"line":54,"column":6},"end":{"line":54,"column":null}},"15":{"start":{"line":55,"column":6},"end":{"line":55,"column":null}},"16":{"start":{"line":66,"column":24},"end":{"line":73,"column":1}},"17":{"start":{"line":67,"column":18},"end":{"line":67,"column":null}},"18":{"start":{"line":69,"column":2},"end":{"line":70,"column":null}},"19":{"start":{"line":70,"column":4},"end":{"line":70,"column":null}},"20":{"start":{"line":72,"column":2},"end":{"line":72,"column":null}}},"fnMap":{"0":{"name":"(anonymous_0)","decl":{"start":{"line":18,"column":12},"end":{"line":18,"column":18}},"loc":{"start":{"line":18,"column":18},"end":{"line":18,"column":null}}},"1":{"name":"ThemeProvider","decl":{"start":{"line":23,"column":16},"end":{"line":23,"column":30}},"loc":{"start":{"line":28,"column":21},"end":{"line":64,"column":null}}},"2":{"name":"(anonymous_2)","decl":{"start":{"line":30,"column":4},"end":{"line":30,"column":10}},"loc":{"start":{"line":30,"column":10},"end":{"line":30,"column":null}}},"3":{"name":"(anonymous_3)","decl":{"start":{"line":33,"column":12},"end":{"line":33,"column":null}},"loc":{"start":{"line":33,"column":12},"end":{"line":49,"column":5}}},"4":{"name":"(anonymous_4)","decl":{"start":{"line":53,"column":14},"end":{"line":53,"column":15}},"loc":{"start":{"line":53,"column":15},"end":{"line":56,"column":null}}},"5":{"name":"(anonymous_5)","decl":{"start":{"line":66,"column":24},"end":{"line":66,"column":null}},"loc":{"start":{"line":66,"column":24},"end":{"line":73,"column":1}}}},"branchMap":{"0":{"loc":{"start":{"line":25,"column":2},"end":{"line":25,"column":25}},"type":"default-arg","locations":[{"start":{"line":25,"column":17},"end":{"line":25,"column":25}}]},"1":{"loc":{"start":{"line":26,"column":2},"end":{"line":26,"column":30}},"type":"default-arg","locations":[{"start":{"line":26,"column":15},"end":{"line":26,"column":30}}]},"2":{"loc":{"start":{"line":30,"column":10},"end":{"line":30,"column":null}},"type":"binary-expr","locations":[{"start":{"line":30,"column":10},"end":{"line":30,"column":57}},{"start":{"line":30,"column":57},"end":{"line":30,"column":null}}]},"3":{"loc":{"start":{"line":38,"column":4},"end":{"line":46,"column":null}},"type":"if","locations":[{"start":{"line":38,"column":4},"end":{"line":46,"column":null}},{"start":{},"end":{}}]},"4":{"loc":{"start":{"line":39,"column":26},"end":{"line":42,"column":null}},"type":"cond-expr","locations":[{"start":{"line":41,"column":10},"end":{"line":41,"column":null}},{"start":{"line":42,"column":10},"end":{"line":42,"column":null}}]},"5":{"loc":{"start":{"line":69,"column":2},"end":{"line":70,"column":null}},"type":"if","locations":[{"start":{"line":69,"column":2},"end":{"line":70,"column":null}},{"start":{},"end":{}}]}},"s":{"0":0,"1":0,"2":0,"3":0,"4":0,"5":0,"6":0,"7":0,"8":0,"9":0,"10":0,"11":0,"12":0,"13":0,"14":0,"15":0,"16":0,"17":0,"18":0,"19":0,"20":0},"f":{"0":0,"1":0,"2":0,"3":0,"4":0,"5":0},"b":{"0":[0],"1":[0],"2":[0,0],"3":[0,0],"4":[0,0],"5":[0,0]}}
,"/Users/belvatalithadwiyanti/Documents/Projects/financial-manager/src/components/ui/alert.tsx": {"path":"/Users/belvatalithadwiyanti/Documents/Projects/financial-manager/src/components/ui/alert.tsx","statementMap":{"0":{"start":{"line":6,"column":22},"end":{"line":19,"column":null}},"1":{"start":{"line":33,"column":0},"end":{"line":33,"column":null}},"2":{"start":{"line":45,"column":0},"end":{"line":45,"column":null}},"3":{"start":{"line":57,"column":0},"end":{"line":57,"column":null}}},"fnMap":{},"branchMap":{},"s":{"0":0,"1":0,"2":0,"3":0},"f":{},"b":{}}
,"/Users/belvatalithadwiyanti/Documents/Projects/financial-manager/src/components/ui/breadcrumb.tsx": {"path":"/Users/belvatalithadwiyanti/Documents/Projects/financial-manager/src/components/ui/breadcrumb.tsx","statementMap":{"0":{"start":{"line":13,"column":0},"end":{"line":13,"column":null}},"1":{"start":{"line":28,"column":0},"end":{"line":28,"column":null}},"2":{"start":{"line":40,"column":0},"end":{"line":40,"column":null}},"3":{"start":{"line":42,"column":23},"end":{"line":59,"column":null}},"4":{"start":{"line":49,"column":15},"end":{"line":49,"column":null}},"5":{"start":{"line":60,"column":0},"end":{"line":60,"column":null}},"6":{"start":{"line":75,"column":0},"end":{"line":75,"column":null}},"7":{"start":{"line":91,"column":0},"end":{"line":91,"column":null}},"8":{"start":{"line":107,"column":0},"end":{"line":107,"column":null}}},"fnMap":{"0":{"name":"(anonymous_3)","decl":{"start":{"line":48,"column":2},"end":{"line":48,"column":3}},"loc":{"start":{"line":48,"column":41},"end":{"line":59,"column":null}}}},"branchMap":{"0":{"loc":{"start":{"line":49,"column":15},"end":{"line":49,"column":null}},"type":"cond-expr","locations":[{"start":{"line":49,"column":25},"end":{"line":49,"column":32}},{"start":{"line":49,"column":32},"end":{"line":49,"column":null}}]},"1":{"loc":{"start":{"line":88,"column":5},"end":{"line":88,"column":17}},"type":"binary-expr","locations":[{"start":{"line":88,"column":5},"end":{"line":88,"column":17}}]}},"s":{"0":0,"1":0,"2":0,"3":0,"4":0,"5":0,"6":0,"7":0,"8":0},"f":{"0":0},"b":{"0":[0,0],"1":[0]}}
,"/Users/belvatalithadwiyanti/Documents/Projects/financial-manager/src/components/ui/button.tsx": {"path":"/Users/belvatalithadwiyanti/Documents/Projects/financial-manager/src/components/ui/button.tsx","statementMap":{"0":{"start":{"line":7,"column":23},"end":{"line":33,"column":null}},"1":{"start":{"line":42,"column":15},"end":{"line":52,"column":null}},"2":{"start":{"line":44,"column":17},"end":{"line":44,"column":null}},"3":{"start":{"line":54,"column":0},"end":{"line":54,"column":null}}},"fnMap":{"0":{"name":"(anonymous_0)","decl":{"start":{"line":43,"column":2},"end":{"line":43,"column":3}},"loc":{"start":{"line":43,"column":60},"end":{"line":52,"column":null}}}},"branchMap":{"0":{"loc":{"start":{"line":43,"column":31},"end":{"line":43,"column":46}},"type":"default-arg","locations":[{"start":{"line":43,"column":41},"end":{"line":43,"column":46}}]},"1":{"loc":{"start":{"line":44,"column":17},"end":{"line":44,"column":null}},"type":"cond-expr","locations":[{"start":{"line":44,"column":27},"end":{"line":44,"column":34}},{"start":{"line":44,"column":34},"end":{"line":44,"column":null}}]}},"s":{"0":4,"1":4,"2":46,"3":4},"f":{"0":46},"b":{"0":[46],"1":[0,46]}}
,"/Users/belvatalithadwiyanti/Documents/Projects/financial-manager/src/components/ui/card.tsx": {"path":"/Users/belvatalithadwiyanti/Documents/Projects/financial-manager/src/components/ui/card.tsx","statementMap":{"0":{"start":{"line":18,"column":0},"end":{"line":18,"column":null}},"1":{"start":{"line":30,"column":0},"end":{"line":30,"column":null}},"2":{"start":{"line":45,"column":0},"end":{"line":45,"column":null}},"3":{"start":{"line":57,"column":0},"end":{"line":57,"column":null}},"4":{"start":{"line":65,"column":0},"end":{"line":65,"column":null}},"5":{"start":{"line":77,"column":0},"end":{"line":77,"column":null}}},"fnMap":{},"branchMap":{},"s":{"0":1,"1":1,"2":1,"3":1,"4":1,"5":1},"f":{},"b":{}}
,"/Users/belvatalithadwiyanti/Documents/Projects/financial-manager/src/components/ui/dialog.tsx": {"path":"/Users/belvatalithadwiyanti/Documents/Projects/financial-manager/src/components/ui/dialog.tsx","statementMap":{"0":{"start":{"line":7,"column":15},"end":{"line":7,"column":35}},"1":{"start":{"line":9,"column":22},"end":{"line":9,"column":45}},"2":{"start":{"line":11,"column":21},"end":{"line":11,"column":43}},"3":{"start":{"line":13,"column":20},"end":{"line":13,"column":41}},"4":{"start":{"line":28,"column":0},"end":{"line":28,"column":null}},"5":{"start":{"line":52,"column":0},"end":{"line":52,"column":null}},"6":{"start":{"line":66,"column":0},"end":{"line":66,"column":null}},"7":{"start":{"line":80,"column":0},"end":{"line":80,"column":null}},"8":{"start":{"line":95,"column":0},"end":{"line":95,"column":null}},"9":{"start":{"line":107,"column":0},"end":{"line":107,"column":null}}},"fnMap":{},"branchMap":{},"s":{"0":4,"1":4,"2":4,"3":4,"4":4,"5":4,"6":4,"7":4,"8":4,"9":4},"f":{},"b":{}}
,"/Users/belvatalithadwiyanti/Documents/Projects/financial-manager/src/components/ui/dropdown-menu.tsx": {"path":"/Users/belvatalithadwiyanti/Documents/Projects/financial-manager/src/components/ui/dropdown-menu.tsx","statementMap":{"0":{"start":{"line":7,"column":21},"end":{"line":7,"column":47}},"1":{"start":{"line":9,"column":28},"end":{"line":9,"column":57}},"2":{"start":{"line":11,"column":26},"end":{"line":11,"column":53}},"3":{"start":{"line":13,"column":27},"end":{"line":13,"column":55}},"4":{"start":{"line":15,"column":24},"end":{"line":15,"column":49}},"5":{"start":{"line":17,"column":31},"end":{"line":17,"column":63}},"6":{"start":{"line":38,"column":0},"end":{"line":39,"column":null}},"7":{"start":{"line":54,"column":0},"end":{"line":55,"column":null}},"8":{"start":{"line":73,"column":0},"end":{"line":73,"column":null}},"9":{"start":{"line":91,"column":0},"end":{"line":91,"column":null}},"10":{"start":{"line":114,"column":0},"end":{"line":115,"column":null}},"11":{"start":{"line":137,"column":0},"end":{"line":137,"column":null}},"12":{"start":{"line":155,"column":0},"end":{"line":155,"column":null}},"13":{"start":{"line":167,"column":0},"end":{"line":167,"column":null}},"14":{"start":{"line":169,"column":29},"end":{"line":179,"column":null}},"15":{"start":{"line":180,"column":0},"end":{"line":180,"column":null}}},"fnMap":{"0":{"name":"(anonymous_8)","decl":{"start":{"line":169,"column":29},"end":{"line":169,"column":30}},"loc":{"start":{"line":172,"column":40},"end":{"line":179,"column":null}}}},"branchMap":{"0":{"loc":{"start":{"line":29,"column":6},"end":{"line":29,"column":null}},"type":"binary-expr","locations":[{"start":{"line":29,"column":6},"end":{"line":29,"column":15}},{"start":{"line":29,"column":15},"end":{"line":29,"column":null}}]},"1":{"loc":{"start":{"line":60,"column":16},"end":{"line":60,"column":30}},"type":"default-arg","locations":[{"start":{"line":60,"column":29},"end":{"line":60,"column":30}}]},"2":{"loc":{"start":{"line":85,"column":6},"end":{"line":85,"column":null}},"type":"binary-expr","locations":[{"start":{"line":85,"column":6},"end":{"line":85,"column":15}},{"start":{"line":85,"column":15},"end":{"line":85,"column":null}}]},"3":{"loc":{"start":{"line":149,"column":6},"end":{"line":149,"column":null}},"type":"binary-expr","locations":[{"start":{"line":149,"column":6},"end":{"line":149,"column":15}},{"start":{"line":149,"column":15},"end":{"line":149,"column":null}}]}},"s":{"0":0,"1":0,"2":0,"3":0,"4":0,"5":0,"6":0,"7":0,"8":0,"9":0,"10":0,"11":0,"12":0,"13":0,"14":0,"15":0},"f":{"0":0},"b":{"0":[0,0],"1":[0],"2":[0,0],"3":[0,0]}}
,"/Users/belvatalithadwiyanti/Documents/Projects/financial-manager/src/components/ui/form.tsx": {"path":"/Users/belvatalithadwiyanti/Documents/Projects/financial-manager/src/components/ui/form.tsx","statementMap":{"0":{"start":{"line":16,"column":13},"end":{"line":16,"column":null}},"1":{"start":{"line":25,"column":25},"end":{"line":26,"column":null}},"2":{"start":{"line":29,"column":18},"end":{"line":40,"column":null}},"3":{"start":{"line":42,"column":21},"end":{"line":63,"column":null}},"4":{"start":{"line":43,"column":23},"end":{"line":43,"column":null}},"5":{"start":{"line":44,"column":22},"end":{"line":44,"column":null}},"6":{"start":{"line":45,"column":39},"end":{"line":45,"column":null}},"7":{"start":{"line":47,"column":21},"end":{"line":47,"column":null}},"8":{"start":{"line":49,"column":2},"end":{"line":51,"column":null}},"9":{"start":{"line":50,"column":4},"end":{"line":50,"column":null}},"10":{"start":{"line":53,"column":17},"end":{"line":53,"column":null}},"11":{"start":{"line":55,"column":2},"end":{"line":62,"column":null}},"12":{"start":{"line":69,"column":24},"end":{"line":70,"column":null}},"13":{"start":{"line":73,"column":17},"end":{"line":84,"column":null}},"14":{"start":{"line":77,"column":13},"end":{"line":77,"column":null}},"15":{"start":{"line":85,"column":0},"end":{"line":85,"column":null}},"16":{"start":{"line":87,"column":18},"end":{"line":101,"column":null}},"17":{"start":{"line":91,"column":32},"end":{"line":91,"column":null}},"18":{"start":{"line":102,"column":0},"end":{"line":102,"column":null}},"19":{"start":{"line":104,"column":20},"end":{"line":123,"column":null}},"20":{"start":{"line":108,"column":66},"end":{"line":108,"column":null}},"21":{"start":{"line":124,"column":0},"end":{"line":124,"column":null}},"22":{"start":{"line":126,"column":24},"end":{"line":140,"column":null}},"23":{"start":{"line":130,"column":32},"end":{"line":130,"column":null}},"24":{"start":{"line":141,"column":0},"end":{"line":141,"column":null}},"25":{"start":{"line":143,"column":20},"end":{"line":164,"column":null}},"26":{"start":{"line":147,"column":35},"end":{"line":147,"column":null}},"27":{"start":{"line":148,"column":15},"end":{"line":148,"column":null}},"28":{"start":{"line":150,"column":2},"end":{"line":152,"column":null}},"29":{"start":{"line":151,"column":4},"end":{"line":151,"column":null}},"30":{"start":{"line":165,"column":0},"end":{"line":165,"column":null}}},"fnMap":{"0":{"name":"(anonymous_0)","decl":{"start":{"line":29,"column":18},"end":{"line":29,"column":null}},"loc":{"start":{"line":34,"column":39},"end":{"line":40,"column":null}}},"1":{"name":"(anonymous_1)","decl":{"start":{"line":42,"column":21},"end":{"line":42,"column":null}},"loc":{"start":{"line":42,"column":21},"end":{"line":63,"column":null}}},"2":{"name":"(anonymous_2)","decl":{"start":{"line":76,"column":2},"end":{"line":76,"column":3}},"loc":{"start":{"line":76,"column":28},"end":{"line":84,"column":null}}},"3":{"name":"(anonymous_3)","decl":{"start":{"line":90,"column":2},"end":{"line":90,"column":3}},"loc":{"start":{"line":90,"column":28},"end":{"line":101,"column":null}}},"4":{"name":"(anonymous_4)","decl":{"start":{"line":107,"column":2},"end":{"line":107,"column":3}},"loc":{"start":{"line":107,"column":17},"end":{"line":123,"column":null}}},"5":{"name":"(anonymous_5)","decl":{"start":{"line":129,"column":2},"end":{"line":129,"column":3}},"loc":{"start":{"line":129,"column":28},"end":{"line":140,"column":null}}},"6":{"name":"(anonymous_6)","decl":{"start":{"line":146,"column":2},"end":{"line":146,"column":3}},"loc":{"start":{"line":146,"column":38},"end":{"line":164,"column":null}}}},"branchMap":{"0":{"loc":{"start":{"line":49,"column":2},"end":{"line":51,"column":null}},"type":"if","locations":[{"start":{"line":49,"column":2},"end":{"line":51,"column":null}},{"start":{},"end":{}}]},"1":{"loc":{"start":{"line":96,"column":20},"end":{"line":96,"column":49}},"type":"binary-expr","locations":[{"start":{"line":96,"column":20},"end":{"line":96,"column":29}},{"start":{"line":96,"column":29},"end":{"line":96,"column":49}}]},"2":{"loc":{"start":{"line":115,"column":8},"end":{"line":117,"column":51}},"type":"cond-expr","locations":[{"start":{"line":116,"column":12},"end":{"line":116,"column":34}},{"start":{"line":117,"column":12},"end":{"line":117,"column":51}}]},"3":{"loc":{"start":{"line":148,"column":15},"end":{"line":148,"column":null}},"type":"cond-expr","locations":[{"start":{"line":148,"column":23},"end":{"line":148,"column":48}},{"start":{"line":148,"column":48},"end":{"line":148,"column":null}}]},"4":{"loc":{"start":{"line":150,"column":2},"end":{"line":152,"column":null}},"type":"if","locations":[{"start":{"line":150,"column":2},"end":{"line":152,"column":null}},{"start":{},"end":{}}]}},"s":{"0":3,"1":3,"2":3,"3":3,"4":528,"5":528,"6":528,"7":528,"8":528,"9":0,"10":528,"11":528,"12":3,"13":3,"14":176,"15":3,"16":3,"17":176,"18":3,"19":3,"20":176,"21":3,"22":3,"23":0,"24":3,"25":3,"26":176,"27":176,"28":176,"29":167,"30":3},"f":{"0":176,"1":528,"2":176,"3":176,"4":176,"5":0,"6":176},"b":{"0":[0,528],"1":[176,9],"2":[167,9],"3":[9,167],"4":[167,9]}}
,"/Users/belvatalithadwiyanti/Documents/Projects/financial-manager/src/components/ui/input.tsx": {"path":"/Users/belvatalithadwiyanti/Documents/Projects/financial-manager/src/components/ui/input.tsx","statementMap":{"0":{"start":{"line":7,"column":14},"end":{"line":20,"column":null}},"1":{"start":{"line":22,"column":0},"end":{"line":22,"column":null}}},"fnMap":{"0":{"name":"(anonymous_0)","decl":{"start":{"line":8,"column":2},"end":{"line":8,"column":3}},"loc":{"start":{"line":8,"column":34},"end":{"line":20,"column":null}}}},"branchMap":{},"s":{"0":3,"1":3},"f":{"0":176},"b":{}}
,"/Users/belvatalithadwiyanti/Documents/Projects/financial-manager/src/components/ui/label.tsx": {"path":"/Users/belvatalithadwiyanti/Documents/Projects/financial-manager/src/components/ui/label.tsx","statementMap":{"0":{"start":{"line":7,"column":22},"end":{"line":8,"column":null}},"1":{"start":{"line":22,"column":0},"end":{"line":22,"column":null}}},"fnMap":{},"branchMap":{},"s":{"0":3,"1":3},"f":{},"b":{}}
,"/Users/belvatalithadwiyanti/Documents/Projects/financial-manager/src/components/ui/popover.tsx": {"path":"/Users/belvatalithadwiyanti/Documents/Projects/financial-manager/src/components/ui/popover.tsx","statementMap":{"0":{"start":{"line":6,"column":16},"end":{"line":6,"column":37}},"1":{"start":{"line":8,"column":23},"end":{"line":8,"column":47}},"2":{"start":{"line":27,"column":0},"end":{"line":27,"column":null}}},"fnMap":{},"branchMap":{"0":{"loc":{"start":{"line":13,"column":16},"end":{"line":13,"column":32}},"type":"default-arg","locations":[{"start":{"line":13,"column":24},"end":{"line":13,"column":32}}]},"1":{"loc":{"start":{"line":13,"column":34},"end":{"line":13,"column":48}},"type":"default-arg","locations":[{"start":{"line":13,"column":47},"end":{"line":13,"column":48}}]}},"s":{"0":0,"1":0,"2":0},"f":{},"b":{"0":[0],"1":[0]}}
,"/Users/belvatalithadwiyanti/Documents/Projects/financial-manager/src/components/ui/select.tsx": {"path":"/Users/belvatalithadwiyanti/Documents/Projects/financial-manager/src/components/ui/select.tsx","statementMap":{"0":{"start":{"line":7,"column":15},"end":{"line":7,"column":35}},"1":{"start":{"line":9,"column":20},"end":{"line":9,"column":41}},"2":{"start":{"line":11,"column":20},"end":{"line":11,"column":41}},"3":{"start":{"line":31,"column":0},"end":{"line":31,"column":null}},"4":{"start":{"line":48,"column":0},"end":{"line":48,"column":null}},"5":{"start":{"line":65,"column":0},"end":{"line":66,"column":null}},"6":{"start":{"line":98,"column":0},"end":{"line":98,"column":null}},"7":{"start":{"line":110,"column":0},"end":{"line":110,"column":null}},"8":{"start":{"line":133,"column":0},"end":{"line":133,"column":null}},"9":{"start":{"line":145,"column":0},"end":{"line":145,"column":null}}},"fnMap":{},"branchMap":{"0":{"loc":{"start":{"line":71,"column":26},"end":{"line":71,"column":45}},"type":"default-arg","locations":[{"start":{"line":71,"column":37},"end":{"line":71,"column":45}}]},"1":{"loc":{"start":{"line":77,"column":8},"end":{"line":78,"column":null}},"type":"binary-expr","locations":[{"start":{"line":77,"column":8},"end":{"line":77,"column":null}},{"start":{"line":78,"column":10},"end":{"line":78,"column":null}}]},"2":{"loc":{"start":{"line":88,"column":10},"end":{"line":89,"column":null}},"type":"binary-expr","locations":[{"start":{"line":88,"column":10},"end":{"line":88,"column":null}},{"start":{"line":89,"column":12},"end":{"line":89,"column":null}}]}},"s":{"0":0,"1":0,"2":0,"3":0,"4":0,"5":0,"6":0,"7":0,"8":0,"9":0},"f":{},"b":{"0":[0],"1":[0,0],"2":[0,0]}}
,"/Users/belvatalithadwiyanti/Documents/Projects/financial-manager/src/components/ui/skeleton.tsx": {"path":"/Users/belvatalithadwiyanti/Documents/Projects/financial-manager/src/components/ui/skeleton.tsx","statementMap":{},"fnMap":{"0":{"name":"Skeleton","decl":{"start":{"line":3,"column":9},"end":{"line":3,"column":18}},"loc":{"start":{"line":6,"column":39},"end":{"line":13,"column":null}}}},"branchMap":{},"s":{},"f":{"0":0},"b":{}}
,"/Users/belvatalithadwiyanti/Documents/Projects/financial-manager/src/components/ui/table.tsx": {"path":"/Users/belvatalithadwiyanti/Documents/Projects/financial-manager/src/components/ui/table.tsx","statementMap":{"0":{"start":{"line":17,"column":0},"end":{"line":17,"column":null}},"1":{"start":{"line":25,"column":0},"end":{"line":25,"column":null}},"2":{"start":{"line":37,"column":0},"end":{"line":37,"column":null}},"3":{"start":{"line":52,"column":0},"end":{"line":52,"column":null}},"4":{"start":{"line":67,"column":0},"end":{"line":67,"column":null}},"5":{"start":{"line":82,"column":0},"end":{"line":82,"column":null}},"6":{"start":{"line":94,"column":0},"end":{"line":94,"column":null}},"7":{"start":{"line":106,"column":0},"end":{"line":106,"column":null}}},"fnMap":{},"branchMap":{},"s":{"0":1,"1":1,"2":1,"3":1,"4":1,"5":1,"6":1,"7":1},"f":{},"b":{}}
,"/Users/belvatalithadwiyanti/Documents/Projects/financial-manager/src/components/ui-group/breadcrumb-group.tsx": {"path":"/Users/belvatalithadwiyanti/Documents/Projects/financial-manager/src/components/ui-group/breadcrumb-group.tsx","statementMap":{"0":{"start":{"line":15,"column":19},"end":{"line":15,"column":null}},"1":{"start":{"line":16,"column":20},"end":{"line":16,"column":null}},"2":{"start":{"line":16,"column":63},"end":{"line":16,"column":null}},"3":{"start":{"line":17,"column":27},"end":{"line":17,"column":null}},"4":{"start":{"line":19,"column":32},"end":{"line":21,"column":null}},"5":{"start":{"line":20,"column":4},"end":{"line":20,"column":null}},"6":{"start":{"line":27,"column":21},"end":{"line":27,"column":66}}},"fnMap":{"0":{"name":"BreadcrumbGroup","decl":{"start":{"line":12,"column":24},"end":{"line":12,"column":40}},"loc":{"start":{"line":14,"column":30},"end":{"line":45,"column":null}}},"1":{"name":"(anonymous_1)","decl":{"start":{"line":16,"column":56},"end":{"line":16,"column":57}},"loc":{"start":{"line":16,"column":63},"end":{"line":16,"column":null}}},"2":{"name":"(anonymous_2)","decl":{"start":{"line":19,"column":32},"end":{"line":19,"column":33}},"loc":{"start":{"line":19,"column":33},"end":{"line":21,"column":null}}},"3":{"name":"(anonymous_3)","decl":{"start":{"line":26,"column":30},"end":{"line":26,"column":31}},"loc":{"start":{"line":26,"column":38},"end":{"line":41,"column":null}}}},"branchMap":{},"s":{"0":0,"1":0,"2":0,"3":0,"4":0,"5":0,"6":0},"f":{"0":0,"1":0,"2":0,"3":0},"b":{}}
,"/Users/belvatalithadwiyanti/Documents/Projects/financial-manager/src/components/ui-group/data-table.tsx": {"path":"/Users/belvatalithadwiyanti/Documents/Projects/financial-manager/src/components/ui-group/data-table.tsx","statementMap":{"0":{"start":{"line":29,"column":16},"end":{"line":33,"column":null}},"1":{"start":{"line":59,"column":16},"end":{"line":77,"column":15}}},"fnMap":{"0":{"name":"DataTable","decl":{"start":{"line":24,"column":16},"end":{"line":24,"column":41}},"loc":{"start":{"line":28,"column":42},"end":{"line":91,"column":null}}},"1":{"name":"(anonymous_2)","decl":{"start":{"line":41,"column":39},"end":{"line":41,"column":40}},"loc":{"start":{"line":41,"column":40},"end":{"line":52,"column":null}}},"2":{"name":"(anonymous_3)","decl":{"start":{"line":58,"column":43},"end":{"line":58,"column":44}},"loc":{"start":{"line":59,"column":16},"end":{"line":77,"column":15}}}},"branchMap":{"0":{"loc":{"start":{"line":44,"column":21},"end":{"line":48,"column":null}},"type":"cond-expr","locations":[{"start":{"line":45,"column":24},"end":{"line":45,"column":null}},{"start":{"line":46,"column":24},"end":{"line":48,"column":null}}]},"1":{"loc":{"start":{"line":58,"column":14},"end":{"line":77,"column":15}},"type":"cond-expr","locations":[{"start":{"line":58,"column":14},"end":{"line":77,"column":15}}]},"2":{"loc":{"start":{"line":61,"column":30},"end":{"line":61,"column":null}},"type":"binary-expr","locations":[{"start":{"line":61,"column":30},"end":{"line":61,"column":53}},{"start":{"line":61,"column":53},"end":{"line":61,"column":null}}]},"3":{"loc":{"start":{"line":65,"column":23},"end":{"line":70,"column":null}},"type":"cond-expr","locations":[{"start":{"line":66,"column":24},"end":{"line":68,"column":null}},{"start":{"line":68,"column":24},"end":{"line":70,"column":null}}]},"4":{"loc":{"start":{"line":77,"column":14},"end":{"line":77,"column":null}},"type":"binary-expr","locations":[{"start":{"line":77,"column":14},"end":{"line":77,"column":null}}]}},"s":{"0":0,"1":0},"f":{"0":0,"1":0,"2":0},"b":{"0":[0,0],"1":[0],"2":[0,0],"3":[0,0],"4":[0]}}
,"/Users/belvatalithadwiyanti/Documents/Projects/financial-manager/src/components/ui-group/mode-toggle.tsx": {"path":"/Users/belvatalithadwiyanti/Documents/Projects/financial-manager/src/components/ui-group/mode-toggle.tsx","statementMap":{"0":{"start":{"line":13,"column":23},"end":{"line":13,"column":null}},"1":{"start":{"line":25,"column":41},"end":{"line":25,"column":60}},"2":{"start":{"line":28,"column":41},"end":{"line":28,"column":59}},"3":{"start":{"line":31,"column":41},"end":{"line":31,"column":61}}},"fnMap":{"0":{"name":"ModeToggle","decl":{"start":{"line":12,"column":16},"end":{"line":12,"column":null}},"loc":{"start":{"line":12,"column":16},"end":{"line":37,"column":null}}},"1":{"name":"(anonymous_1)","decl":{"start":{"line":25,"column":35},"end":{"line":25,"column":41}},"loc":{"start":{"line":25,"column":41},"end":{"line":25,"column":60}}},"2":{"name":"(anonymous_2)","decl":{"start":{"line":28,"column":35},"end":{"line":28,"column":41}},"loc":{"start":{"line":28,"column":41},"end":{"line":28,"column":59}}},"3":{"name":"(anonymous_3)","decl":{"start":{"line":31,"column":35},"end":{"line":31,"column":41}},"loc":{"start":{"line":31,"column":41},"end":{"line":31,"column":61}}}},"branchMap":{},"s":{"0":0,"1":0,"2":0,"3":0},"f":{"0":0,"1":0,"2":0,"3":0},"b":{}}
,"/Users/belvatalithadwiyanti/Documents/Projects/financial-manager/src/components/ui-group/sidebar.tsx": {"path":"/Users/belvatalithadwiyanti/Documents/Projects/financial-manager/src/components/ui-group/sidebar.tsx","statementMap":{"0":{"start":{"line":8,"column":15},"end":{"line":37,"column":null}},"1":{"start":{"line":39,"column":16},"end":{"line":81,"column":null}},"2":{"start":{"line":50,"column":22},"end":{"line":50,"column":null}},"3":{"start":{"line":52,"column":2},"end":{"line":54,"column":null}},"4":{"start":{"line":53,"column":4},"end":{"line":53,"column":null}},"5":{"start":{"line":56,"column":23},"end":{"line":59,"column":null}},"6":{"start":{"line":57,"column":22},"end":{"line":57,"column":null}},"7":{"start":{"line":58,"column":4},"end":{"line":58,"column":null}},"8":{"start":{"line":58,"column":15},"end":{"line":58,"column":null}}},"fnMap":{"0":{"name":"(anonymous_0)","decl":{"start":{"line":8,"column":15},"end":{"line":8,"column":16}},"loc":{"start":{"line":14,"column":1},"end":{"line":37,"column":null}}},"1":{"name":"(anonymous_1)","decl":{"start":{"line":39,"column":16},"end":{"line":39,"column":17}},"loc":{"start":{"line":49,"column":1},"end":{"line":81,"column":null}}},"2":{"name":"(anonymous_2)","decl":{"start":{"line":56,"column":23},"end":{"line":56,"column":null}},"loc":{"start":{"line":56,"column":23},"end":{"line":59,"column":null}}}},"branchMap":{"0":{"loc":{"start":{"line":52,"column":2},"end":{"line":54,"column":null}},"type":"if","locations":[{"start":{"line":52,"column":2},"end":{"line":54,"column":null}},{"start":{},"end":{}}]},"1":{"loc":{"start":{"line":58,"column":4},"end":{"line":58,"column":null}},"type":"if","locations":[{"start":{"line":58,"column":4},"end":{"line":58,"column":null}},{"start":{},"end":{}}]},"2":{"loc":{"start":{"line":66,"column":10},"end":{"line":66,"column":null}},"type":"cond-expr","locations":[{"start":{"line":66,"column":19},"end":{"line":66,"column":37}},{"start":{"line":66,"column":37},"end":{"line":66,"column":null}}]},"3":{"loc":{"start":{"line":67,"column":12},"end":{"line":67,"column":49}},"type":"cond-expr","locations":[{"start":{"line":67,"column":23},"end":{"line":67,"column":37}},{"start":{"line":67,"column":37},"end":{"line":67,"column":49}}]}},"s":{"0":0,"1":0,"2":0,"3":0,"4":0,"5":0,"6":0,"7":0,"8":0},"f":{"0":0,"1":0,"2":0},"b":{"0":[0,0],"1":[0,0],"2":[0,0],"3":[0,0]}}
,"/Users/belvatalithadwiyanti/Documents/Projects/financial-manager/src/lib/utils.ts": {"path":"/Users/belvatalithadwiyanti/Documents/Projects/financial-manager/src/lib/utils.ts","statementMap":{"0":{"start":{"line":5,"column":2},"end":{"line":5,"column":null}},"1":{"start":{"line":9,"column":2},"end":{"line":9,"column":null}},"2":{"start":{"line":13,"column":2},"end":{"line":16,"column":null}}},"fnMap":{"0":{"name":"cn","decl":{"start":{"line":4,"column":16},"end":{"line":4,"column":19}},"loc":{"start":{"line":4,"column":42},"end":{"line":6,"column":null}}},"1":{"name":"capitalize","decl":{"start":{"line":8,"column":16},"end":{"line":8,"column":27}},"loc":{"start":{"line":8,"column":38},"end":{"line":10,"column":null}}},"2":{"name":"formatCurrency","decl":{"start":{"line":12,"column":16},"end":{"line":12,"column":31}},"loc":{"start":{"line":12,"column":44},"end":{"line":17,"column":null}}}},"branchMap":{},"s":{"0":968,"1":0,"2":0},"f":{"0":968,"1":0,"2":0},"b":{}}
,"/Users/belvatalithadwiyanti/Documents/Projects/financial-manager/src/lib/helper/AuthProvider.tsx": {"path":"/Users/belvatalithadwiyanti/Documents/Projects/financial-manager/src/lib/helper/AuthProvider.tsx","statementMap":{"0":{"start":{"line":8,"column":20},"end":{"line":12,"column":null}},"1":{"start":{"line":14,"column":28},"end":{"line":58,"column":2}},"2":{"start":{"line":15,"column":26},"end":{"line":15,"column":null}},"3":{"start":{"line":16,"column":32},"end":{"line":16,"column":null}},"4":{"start":{"line":17,"column":32},"end":{"line":17,"column":null}},"5":{"start":{"line":19,"column":2},"end":{"line":44,"column":null}},"6":{"start":{"line":20,"column":20},"end":{"line":29,"column":null}},"7":{"start":{"line":24,"column":10},"end":{"line":24,"column":null}},"8":{"start":{"line":25,"column":6},"end":{"line":25,"column":null}},"9":{"start":{"line":25,"column":17},"end":{"line":25,"column":null}},"10":{"start":{"line":26,"column":6},"end":{"line":26,"column":null}},"11":{"start":{"line":27,"column":6},"end":{"line":27,"column":null}},"12":{"start":{"line":28,"column":6},"end":{"line":28,"column":null}},"13":{"start":{"line":31,"column":31},"end":{"line":36,"column":null}},"14":{"start":{"line":33,"column":8},"end":{"line":33,"column":null}},"15":{"start":{"line":34,"column":8},"end":{"line":34,"column":null}},"16":{"start":{"line":35,"column":8},"end":{"line":35,"column":null}},"17":{"start":{"line":39,"column":4},"end":{"line":39,"column":null}},"18":{"start":{"line":41,"column":4},"end":{"line":43,"column":null}},"19":{"start":{"line":42,"column":6},"end":{"line":42,"column":null}},"20":{"start":{"line":46,"column":16},"end":{"line":50,"column":null}},"21":{"start":{"line":49,"column":19},"end":{"line":49,"column":null}},"22":{"start":{"line":61,"column":23},"end":{"line":63,"column":2}},"23":{"start":{"line":62,"column":2},"end":{"line":62,"column":null}}},"fnMap":{"0":{"name":"(anonymous_0)","decl":{"start":{"line":12,"column":41},"end":{"line":12,"column":48}},"loc":{"start":{"line":12,"column":41},"end":{"line":12,"column":50}}},"1":{"name":"(anonymous_1)","decl":{"start":{"line":14,"column":28},"end":{"line":14,"column":29}},"loc":{"start":{"line":14,"column":46},"end":{"line":58,"column":2}}},"2":{"name":"(anonymous_2)","decl":{"start":{"line":19,"column":12},"end":{"line":19,"column":null}},"loc":{"start":{"line":19,"column":12},"end":{"line":44,"column":5}}},"3":{"name":"(anonymous_3)","decl":{"start":{"line":20,"column":20},"end":{"line":20,"column":null}},"loc":{"start":{"line":20,"column":20},"end":{"line":29,"column":null}}},"4":{"name":"(anonymous_4)","decl":{"start":{"line":32,"column":6},"end":{"line":32,"column":7}},"loc":{"start":{"line":32,"column":15},"end":{"line":36,"column":null}}},"5":{"name":"(anonymous_5)","decl":{"start":{"line":41,"column":11},"end":{"line":41,"column":null}},"loc":{"start":{"line":41,"column":11},"end":{"line":43,"column":null}}},"6":{"name":"(anonymous_6)","decl":{"start":{"line":49,"column":13},"end":{"line":49,"column":19}},"loc":{"start":{"line":49,"column":19},"end":{"line":49,"column":null}}},"7":{"name":"(anonymous_7)","decl":{"start":{"line":61,"column":23},"end":{"line":61,"column":null}},"loc":{"start":{"line":61,"column":23},"end":{"line":63,"column":2}}}},"branchMap":{"0":{"loc":{"start":{"line":25,"column":6},"end":{"line":25,"column":null}},"type":"if","locations":[{"start":{"line":25,"column":6},"end":{"line":25,"column":null}},{"start":{},"end":{}}]},"1":{"loc":{"start":{"line":55,"column":7},"end":{"line":55,"column":null}},"type":"binary-expr","locations":[{"start":{"line":55,"column":7},"end":{"line":55,"column":19}},{"start":{"line":55,"column":19},"end":{"line":55,"column":null}}]}},"s":{"0":2,"1":2,"2":0,"3":0,"4":0,"5":0,"6":0,"7":0,"8":0,"9":0,"10":0,"11":0,"12":0,"13":0,"14":0,"15":0,"16":0,"17":0,"18":0,"19":0,"20":0,"21":0,"22":2,"23":3},"f":{"0":0,"1":0,"2":0,"3":0,"4":0,"5":0,"6":0,"7":3},"b":{"0":[0,0],"1":[0,0]}}
,"/Users/belvatalithadwiyanti/Documents/Projects/financial-manager/src/lib/helper/ProtectedRoute.tsx": {"path":"/Users/belvatalithadwiyanti/Documents/Projects/financial-manager/src/lib/helper/ProtectedRoute.tsx","statementMap":{"0":{"start":{"line":5,"column":23},"end":{"line":12,"column":null}},"1":{"start":{"line":6,"column":19},"end":{"line":6,"column":null}},"2":{"start":{"line":8,"column":2},"end":{"line":10,"column":null}}},"fnMap":{"0":{"name":"(anonymous_0)","decl":{"start":{"line":5,"column":23},"end":{"line":5,"column":24}},"loc":{"start":{"line":5,"column":41},"end":{"line":12,"column":null}}}},"branchMap":{"0":{"loc":{"start":{"line":8,"column":2},"end":{"line":10,"column":null}},"type":"if","locations":[{"start":{"line":8,"column":2},"end":{"line":10,"column":null}},{"start":{},"end":{}}]}},"s":{"0":1,"1":3,"2":3},"f":{"0":3},"b":{"0":[3,0]}}
,"/Users/belvatalithadwiyanti/Documents/Projects/financial-manager/src/lib/helper/QueryProvider.tsx": {"path":"/Users/belvatalithadwiyanti/Documents/Projects/financial-manager/src/lib/helper/QueryProvider.tsx","statementMap":{},"fnMap":{"0":{"name":"QueryProvider","decl":{"start":{"line":5,"column":24},"end":{"line":5,"column":38}},"loc":{"start":{"line":9,"column":1},"end":{"line":13,"column":null}}}},"branchMap":{},"s":{},"f":{"0":0},"b":{}}
,"/Users/belvatalithadwiyanti/Documents/Projects/financial-manager/src/lib/helper/queryClients.ts": {"path":"/Users/belvatalithadwiyanti/Documents/Projects/financial-manager/src/lib/helper/queryClients.ts","statementMap":{"0":{"start":{"line":3,"column":27},"end":{"line":9,"column":5}}},"fnMap":{},"branchMap":{},"s":{"0":2},"f":{},"b":{}}
,"/Users/belvatalithadwiyanti/Documents/Projects/financial-manager/src/lib/helper/supabaseClient.ts": {"path":"/Users/belvatalithadwiyanti/Documents/Projects/financial-manager/src/lib/helper/supabaseClient.ts","statementMap":{"0":{"start":{"line":3,"column":28},"end":{"line":3,"column":61}},"1":{"start":{"line":4,"column":32},"end":{"line":4,"column":70}},"2":{"start":{"line":6,"column":30},"end":{"line":6,"column":72}}},"fnMap":{},"branchMap":{},"s":{"0":2,"1":2,"2":2},"f":{},"b":{}}
,"/Users/belvatalithadwiyanti/Documents/Projects/financial-manager/src/lib/helper/useMediaQuery.ts": {"path":"/Users/belvatalithadwiyanti/Documents/Projects/financial-manager/src/lib/helper/useMediaQuery.ts","statementMap":{"0":{"start":{"line":3,"column":29},"end":{"line":22,"column":2}},"1":{"start":{"line":4,"column":44},"end":{"line":4,"column":null}},"2":{"start":{"line":6,"column":23},"end":{"line":9,"column":null}},"3":{"start":{"line":7,"column":4},"end":{"line":8,"column":null}},"4":{"start":{"line":7,"column":19},"end":{"line":7,"column":null}},"5":{"start":{"line":8,"column":9},"end":{"line":8,"column":null}},"6":{"start":{"line":11,"column":2},"end":{"line":19,"column":null}},"7":{"start":{"line":12,"column":18},"end":{"line":12,"column":null}},"8":{"start":{"line":13,"column":4},"end":{"line":13,"column":null}},"9":{"start":{"line":16,"column":4},"end":{"line":16,"column":null}},"10":{"start":{"line":16,"column":23},"end":{"line":16,"column":null}},"11":{"start":{"line":18,"column":4},"end":{"line":18,"column":null}},"12":{"start":{"line":18,"column":17},"end":{"line":18,"column":null}},"13":{"start":{"line":21,"column":2},"end":{"line":21,"column":null}}},"fnMap":{"0":{"name":"(anonymous_0)","decl":{"start":{"line":3,"column":29},"end":{"line":3,"column":30}},"loc":{"start":{"line":3,"column":30},"end":{"line":22,"column":2}}},"1":{"name":"(anonymous_1)","decl":{"start":{"line":6,"column":35},"end":{"line":6,"column":36}},"loc":{"start":{"line":6,"column":36},"end":{"line":9,"column":5}}},"2":{"name":"(anonymous_2)","decl":{"start":{"line":11,"column":12},"end":{"line":11,"column":null}},"loc":{"start":{"line":11,"column":12},"end":{"line":19,"column":5}}},"3":{"name":"(anonymous_3)","decl":{"start":{"line":18,"column":11},"end":{"line":18,"column":17}},"loc":{"start":{"line":18,"column":17},"end":{"line":18,"column":null}}}},"branchMap":{"0":{"loc":{"start":{"line":7,"column":4},"end":{"line":8,"column":null}},"type":"if","locations":[{"start":{"line":7,"column":4},"end":{"line":8,"column":null}},{"start":{"line":8,"column":9},"end":{"line":8,"column":null}}]},"1":{"loc":{"start":{"line":16,"column":4},"end":{"line":16,"column":null}},"type":"if","locations":[{"start":{"line":16,"column":4},"end":{"line":16,"column":null}},{"start":{},"end":{}}]}},"s":{"0":0,"1":0,"2":0,"3":0,"4":0,"5":0,"6":0,"7":0,"8":0,"9":0,"10":0,"11":0,"12":0,"13":0},"f":{"0":0,"1":0,"2":0,"3":0},"b":{"0":[0,0],"1":[0,0]}}
,"/Users/belvatalithadwiyanti/Documents/Projects/financial-manager/src/pages/books/main.tsx": {"path":"/Users/belvatalithadwiyanti/Documents/Projects/financial-manager/src/pages/books/main.tsx","statementMap":{"0":{"start":{"line":16,"column":41},"end":{"line":16,"column":null}},"1":{"start":{"line":17,"column":38},"end":{"line":17,"column":null}},"2":{"start":{"line":18,"column":42},"end":{"line":18,"column":null}},"3":{"start":{"line":19,"column":48},"end":{"line":19,"column":null}},"4":{"start":{"line":20,"column":44},"end":{"line":20,"column":null}},"5":{"start":{"line":21,"column":48},"end":{"line":21,"column":null}},"6":{"start":{"line":23,"column":19},"end":{"line":23,"column":null}},"7":{"start":{"line":25,"column":44},"end":{"line":86,"column":null}},"8":{"start":{"line":26,"column":10},"end":{"line":85,"column":null}},"9":{"start":{"line":57,"column":33},"end":{"line":57,"column":null}},"10":{"start":{"line":70,"column":33},"end":{"line":70,"column":null}},"11":{"start":{"line":77,"column":31},"end":{"line":77,"column":null}}},"fnMap":{"0":{"name":"Books","decl":{"start":{"line":15,"column":24},"end":{"line":15,"column":null}},"loc":{"start":{"line":15,"column":24},"end":{"line":105,"column":null}}},"1":{"name":"(anonymous_1)","decl":{"start":{"line":26,"column":4},"end":{"line":26,"column":10}},"loc":{"start":{"line":26,"column":10},"end":{"line":85,"column":null}}},"2":{"name":"(anonymous_2)","decl":{"start":{"line":46,"column":14},"end":{"line":46,"column":15}},"loc":{"start":{"line":46,"column":15},"end":{"line":83,"column":null}}},"3":{"name":"(anonymous_3)","decl":{"start":{"line":57,"column":27},"end":{"line":57,"column":33}},"loc":{"start":{"line":57,"column":33},"end":{"line":57,"column":null}}},"4":{"name":"(anonymous_4)","decl":{"start":{"line":70,"column":27},"end":{"line":70,"column":33}},"loc":{"start":{"line":70,"column":33},"end":{"line":70,"column":null}}},"5":{"name":"(anonymous_5)","decl":{"start":{"line":77,"column":25},"end":{"line":77,"column":31}},"loc":{"start":{"line":77,"column":31},"end":{"line":77,"column":null}}}},"branchMap":{"0":{"loc":{"start":{"line":52,"column":24},"end":{"line":52,"column":null}},"type":"binary-expr","locations":[{"start":{"line":52,"column":24},"end":{"line":52,"column":38}},{"start":{"line":52,"column":38},"end":{"line":52,"column":null}}]},"1":{"loc":{"start":{"line":65,"column":24},"end":{"line":65,"column":null}},"type":"binary-expr","locations":[{"start":{"line":65,"column":24},"end":{"line":65,"column":40}},{"start":{"line":65,"column":40},"end":{"line":65,"column":null}}]},"2":{"loc":{"start":{"line":100,"column":16},"end":{"line":100,"column":31}},"type":"binary-expr","locations":[{"start":{"line":100,"column":16},"end":{"line":100,"column":29}},{"start":{"line":100,"column":29},"end":{"line":100,"column":31}}]}},"s":{"0":3,"1":3,"2":3,"3":3,"4":3,"5":3,"6":3,"7":3,"8":2,"9":0,"10":0,"11":0},"f":{"0":3,"1":2,"2":0,"3":0,"4":0,"5":0},"b":{"0":[0,0],"1":[0,0],"2":[3,3]}}
,"/Users/belvatalithadwiyanti/Documents/Projects/financial-manager/src/pages/books/__tests__/main.test.tsx": {"path":"/Users/belvatalithadwiyanti/Documents/Projects/financial-manager/src/pages/books/__tests__/main.test.tsx","statementMap":{"0":{"start":{"line":7,"column":20},"end":{"line":7,"column":null}},"1":{"start":{"line":9,"column":0},"end":{"line":20,"column":null}},"2":{"start":{"line":10,"column":2},"end":{"line":19,"column":null}}},"fnMap":{"0":{"name":"(anonymous_0)","decl":{"start":{"line":9,"column":26},"end":{"line":9,"column":null}},"loc":{"start":{"line":9,"column":26},"end":{"line":20,"column":null}}},"1":{"name":"(anonymous_1)","decl":{"start":{"line":10,"column":28},"end":{"line":10,"column":null}},"loc":{"start":{"line":10,"column":28},"end":{"line":19,"column":null}}}},"branchMap":{},"s":{"0":1,"1":1,"2":1},"f":{"0":1,"1":1},"b":{}}
,"/Users/belvatalithadwiyanti/Documents/Projects/financial-manager/src/pages/books/fragments/BookFormAdd.tsx": {"path":"/Users/belvatalithadwiyanti/Documents/Projects/financial-manager/src/pages/books/fragments/BookFormAdd.tsx","statementMap":{"0":{"start":{"line":36,"column":19},"end":{"line":36,"column":null}},"1":{"start":{"line":37,"column":32},"end":{"line":37,"column":null}},"2":{"start":{"line":39,"column":28},"end":{"line":47,"column":null}},"3":{"start":{"line":40,"column":11},"end":{"line":46,"column":null}},"4":{"start":{"line":50,"column":15},"end":{"line":53,"column":null}},"5":{"start":{"line":55,"column":2},"end":{"line":59,"column":null}},"6":{"start":{"line":56,"column":4},"end":{"line":58,"column":null}},"7":{"start":{"line":57,"column":6},"end":{"line":57,"column":null}},"8":{"start":{"line":62,"column":4},"end":{"line":72,"column":null}},"9":{"start":{"line":63,"column":6},"end":{"line":68,"column":null}},"10":{"start":{"line":65,"column":10},"end":{"line":65,"column":null}},"11":{"start":{"line":66,"column":10},"end":{"line":66,"column":null}},"12":{"start":{"line":70,"column":6},"end":{"line":70,"column":null}},"13":{"start":{"line":71,"column":6},"end":{"line":71,"column":null}},"14":{"start":{"line":75,"column":21},"end":{"line":100,"column":null}},"15":{"start":{"line":103,"column":50},"end":{"line":103,"column":null}}},"fnMap":{"0":{"name":"BookFormAdd","decl":{"start":{"line":27,"column":24},"end":{"line":27,"column":36}},"loc":{"start":{"line":35,"column":1},"end":{"line":145,"column":null}}},"1":{"name":"(anonymous_1)","decl":{"start":{"line":40,"column":4},"end":{"line":40,"column":11}},"loc":{"start":{"line":40,"column":11},"end":{"line":46,"column":null}}},"2":{"name":"(anonymous_2)","decl":{"start":{"line":55,"column":12},"end":{"line":55,"column":null}},"loc":{"start":{"line":55,"column":12},"end":{"line":59,"column":5}}},"3":{"name":"onSubmit","decl":{"start":{"line":61,"column":17},"end":{"line":61,"column":26}},"loc":{"start":{"line":61,"column":60},"end":{"line":73,"column":null}}},"4":{"name":"(anonymous_4)","decl":{"start":{"line":64,"column":17},"end":{"line":64,"column":18}},"loc":{"start":{"line":64,"column":18},"end":{"line":67,"column":null}}},"5":{"name":"(anonymous_5)","decl":{"start":{"line":103,"column":44},"end":{"line":103,"column":50}},"loc":{"start":{"line":103,"column":50},"end":{"line":103,"column":null}}}},"branchMap":{"0":{"loc":{"start":{"line":41,"column":15},"end":{"line":41,"column":null}},"type":"binary-expr","locations":[{"start":{"line":41,"column":15},"end":{"line":41,"column":27}},{"start":{"line":41,"column":27},"end":{"line":41,"column":null}}]},"1":{"loc":{"start":{"line":56,"column":4},"end":{"line":58,"column":null}},"type":"if","locations":[{"start":{"line":56,"column":4},"end":{"line":58,"column":null}},{"start":{},"end":{}}]},"2":{"loc":{"start":{"line":138,"column":15},"end":{"line":138,"column":null}},"type":"cond-expr","locations":[{"start":{"line":138,"column":27},"end":{"line":138,"column":42}},{"start":{"line":138,"column":42},"end":{"line":138,"column":null}}]}},"s":{"0":29,"1":29,"2":29,"3":9,"4":29,"5":29,"6":11,"7":1,"8":2,"9":2,"10":2,"11":2,"12":2,"13":2,"14":29,"15":0},"f":{"0":29,"1":9,"2":11,"3":2,"4":2,"5":0},"b":{"0":[9,1],"1":[1,10],"2":[0,29]}}
,"/Users/belvatalithadwiyanti/Documents/Projects/financial-manager/src/pages/books/fragments/BookFormEdit.tsx": {"path":"/Users/belvatalithadwiyanti/Documents/Projects/financial-manager/src/pages/books/fragments/BookFormEdit.tsx","statementMap":{"0":{"start":{"line":40,"column":19},"end":{"line":40,"column":null}},"1":{"start":{"line":41,"column":50},"end":{"line":41,"column":null}},"2":{"start":{"line":42,"column":55},"end":{"line":43,"column":null}},"3":{"start":{"line":46,"column":28},"end":{"line":54,"column":null}},"4":{"start":{"line":47,"column":11},"end":{"line":53,"column":null}},"5":{"start":{"line":57,"column":15},"end":{"line":60,"column":null}},"6":{"start":{"line":62,"column":2},"end":{"line":66,"column":null}},"7":{"start":{"line":63,"column":4},"end":{"line":65,"column":null}},"8":{"start":{"line":64,"column":6},"end":{"line":64,"column":null}},"9":{"start":{"line":68,"column":2},"end":{"line":72,"column":null}},"10":{"start":{"line":69,"column":4},"end":{"line":71,"column":null}},"11":{"start":{"line":70,"column":6},"end":{"line":70,"column":null}},"12":{"start":{"line":75,"column":4},"end":{"line":84,"column":null}},"13":{"start":{"line":76,"column":6},"end":{"line":76,"column":null}},"14":{"start":{"line":77,"column":6},"end":{"line":77,"column":null}},"15":{"start":{"line":77,"column":21},"end":{"line":77,"column":null}},"16":{"start":{"line":79,"column":6},"end":{"line":79,"column":null}},"17":{"start":{"line":80,"column":6},"end":{"line":80,"column":null}},"18":{"start":{"line":82,"column":6},"end":{"line":82,"column":null}},"19":{"start":{"line":83,"column":6},"end":{"line":83,"column":null}},"20":{"start":{"line":87,"column":21},"end":{"line":112,"column":null}},"21":{"start":{"line":115,"column":50},"end":{"line":115,"column":null}}},"fnMap":{"0":{"name":"BookFormEdit","decl":{"start":{"line":27,"column":24},"end":{"line":27,"column":37}},"loc":{"start":{"line":39,"column":1},"end":{"line":157,"column":null}}},"1":{"name":"(anonymous_1)","decl":{"start":{"line":47,"column":4},"end":{"line":47,"column":11}},"loc":{"start":{"line":47,"column":11},"end":{"line":53,"column":null}}},"2":{"name":"(anonymous_2)","decl":{"start":{"line":62,"column":12},"end":{"line":62,"column":null}},"loc":{"start":{"line":62,"column":12},"end":{"line":66,"column":5}}},"3":{"name":"(anonymous_3)","decl":{"start":{"line":68,"column":12},"end":{"line":68,"column":null}},"loc":{"start":{"line":68,"column":12},"end":{"line":72,"column":5}}},"4":{"name":"onSubmit","decl":{"start":{"line":74,"column":17},"end":{"line":74,"column":26}},"loc":{"start":{"line":74,"column":60},"end":{"line":85,"column":null}}},"5":{"name":"(anonymous_5)","decl":{"start":{"line":115,"column":44},"end":{"line":115,"column":50}},"loc":{"start":{"line":115,"column":50},"end":{"line":115,"column":null}}}},"branchMap":{"0":{"loc":{"start":{"line":43,"column":4},"end":{"line":43,"column":null}},"type":"binary-expr","locations":[{"start":{"line":43,"column":4},"end":{"line":43,"column":14}},{"start":{"line":43,"column":14},"end":{"line":43,"column":null}}]},"1":{"loc":{"start":{"line":48,"column":15},"end":{"line":48,"column":null}},"type":"binary-expr","locations":[{"start":{"line":48,"column":15},"end":{"line":48,"column":27}},{"start":{"line":48,"column":27},"end":{"line":48,"column":null}}]},"2":{"loc":{"start":{"line":63,"column":4},"end":{"line":65,"column":null}},"type":"if","locations":[{"start":{"line":63,"column":4},"end":{"line":65,"column":null}},{"start":{},"end":{}}]},"3":{"loc":{"start":{"line":63,"column":8},"end":{"line":63,"column":36}},"type":"binary-expr","locations":[{"start":{"line":63,"column":8},"end":{"line":63,"column":20}},{"start":{"line":63,"column":20},"end":{"line":63,"column":36}}]},"4":{"loc":{"start":{"line":69,"column":4},"end":{"line":71,"column":null}},"type":"if","locations":[{"start":{"line":69,"column":4},"end":{"line":71,"column":null}},{"start":{},"end":{}}]},"5":{"loc":{"start":{"line":77,"column":6},"end":{"line":77,"column":null}},"type":"if","locations":[{"start":{"line":77,"column":6},"end":{"line":77,"column":null}},{"start":{},"end":{}}]},"6":{"loc":{"start":{"line":150,"column":15},"end":{"line":150,"column":null}},"type":"cond-expr","locations":[{"start":{"line":150,"column":27},"end":{"line":150,"column":42}},{"start":{"line":150,"column":42},"end":{"line":150,"column":null}}]}},"s":{"0":16,"1":16,"2":16,"3":16,"4":8,"5":16,"6":16,"7":8,"8":0,"9":16,"10":8,"11":0,"12":1,"13":1,"14":1,"15":0,"16":0,"17":0,"18":1,"19":1,"20":16,"21":0},"f":{"0":16,"1":8,"2":8,"3":8,"4":1,"5":0},"b":{"0":[16,0],"1":[8,1],"2":[0,8],"3":[8,0],"4":[0,8],"5":[0,1],"6":[0,16]}}
,"/Users/belvatalithadwiyanti/Documents/Projects/financial-manager/src/pages/books/fragments/DeleteConfirmModal.tsx": {"path":"/Users/belvatalithadwiyanti/Documents/Projects/financial-manager/src/pages/books/fragments/DeleteConfirmModal.tsx","statementMap":{"0":{"start":{"line":27,"column":2},"end":{"line":31,"column":null}},"1":{"start":{"line":28,"column":4},"end":{"line":30,"column":null}},"2":{"start":{"line":29,"column":6},"end":{"line":29,"column":null}},"3":{"start":{"line":37,"column":6},"end":{"line":37,"column":null}},"4":{"start":{"line":40,"column":4},"end":{"line":48,"column":null}},"5":{"start":{"line":41,"column":6},"end":{"line":41,"column":null}},"6":{"start":{"line":42,"column":6},"end":{"line":42,"column":null}},"7":{"start":{"line":42,"column":23},"end":{"line":42,"column":null}},"8":{"start":{"line":44,"column":6},"end":{"line":44,"column":null}},"9":{"start":{"line":45,"column":6},"end":{"line":45,"column":null}},"10":{"start":{"line":47,"column":6},"end":{"line":47,"column":null}},"11":{"start":{"line":52,"column":44},"end":{"line":52,"column":null}},"12":{"start":{"line":66,"column":27},"end":{"line":66,"column":null}}},"fnMap":{"0":{"name":"DeleteConfirmModal","decl":{"start":{"line":14,"column":24},"end":{"line":14,"column":43}},"loc":{"start":{"line":26,"column":1},"end":{"line":74,"column":null}}},"1":{"name":"(anonymous_1)","decl":{"start":{"line":27,"column":12},"end":{"line":27,"column":null}},"loc":{"start":{"line":27,"column":12},"end":{"line":31,"column":5}}},"2":{"name":"onDelete","decl":{"start":{"line":39,"column":17},"end":{"line":39,"column":26}},"loc":{"start":{"line":39,"column":36},"end":{"line":49,"column":null}}},"3":{"name":"(anonymous_3)","decl":{"start":{"line":52,"column":38},"end":{"line":52,"column":44}},"loc":{"start":{"line":52,"column":44},"end":{"line":52,"column":null}}},"4":{"name":"(anonymous_4)","decl":{"start":{"line":66,"column":21},"end":{"line":66,"column":27}},"loc":{"start":{"line":66,"column":27},"end":{"line":66,"column":null}}}},"branchMap":{"0":{"loc":{"start":{"line":28,"column":4},"end":{"line":30,"column":null}},"type":"if","locations":[{"start":{"line":28,"column":4},"end":{"line":30,"column":null}},{"start":{},"end":{}}]},"1":{"loc":{"start":{"line":42,"column":6},"end":{"line":42,"column":null}},"type":"if","locations":[{"start":{"line":42,"column":6},"end":{"line":42,"column":null}},{"start":{},"end":{}}]},"2":{"loc":{"start":{"line":68,"column":13},"end":{"line":68,"column":null}},"type":"cond-expr","locations":[{"start":{"line":68,"column":31},"end":{"line":68,"column":46}},{"start":{"line":68,"column":46},"end":{"line":68,"column":null}}]}},"s":{"0":2,"1":2,"2":0,"3":2,"4":1,"5":1,"6":1,"7":0,"8":0,"9":0,"10":1,"11":0,"12":1},"f":{"0":2,"1":2,"2":1,"3":0,"4":1},"b":{"0":[0,2],"1":[0,1],"2":[0,2]}}
,"/Users/belvatalithadwiyanti/Documents/Projects/financial-manager/src/pages/books/fragments/__tests__/BookFormAdd.test.tsx": {"path":"/Users/belvatalithadwiyanti/Documents/Projects/financial-manager/src/pages/books/fragments/__tests__/BookFormAdd.test.tsx","statementMap":{"0":{"start":{"line":8,"column":0},"end":{"line":10,"column":null}},"1":{"start":{"line":8,"column":44},"end":{"line":10,"column":null}},"2":{"start":{"line":12,"column":0},"end":{"line":20,"column":null}},"3":{"start":{"line":12,"column":47},"end":{"line":20,"column":null}},"4":{"start":{"line":13,"column":30},"end":{"line":19,"column":null}},"5":{"start":{"line":15,"column":6},"end":{"line":15,"column":null}},"6":{"start":{"line":22,"column":20},"end":{"line":22,"column":null}},"7":{"start":{"line":24,"column":19},"end":{"line":24,"column":null}},"8":{"start":{"line":25,"column":20},"end":{"line":25,"column":null}},"9":{"start":{"line":27,"column":0},"end":{"line":276,"column":null}},"10":{"start":{"line":28,"column":2},"end":{"line":30,"column":null}},"11":{"start":{"line":29,"column":5},"end":{"line":29,"column":null}},"12":{"start":{"line":32,"column":2},"end":{"line":42,"column":null}},"13":{"start":{"line":44,"column":2},"end":{"line":61,"column":null}},"14":{"start":{"line":55,"column":4},"end":{"line":55,"column":null}},"15":{"start":{"line":56,"column":4},"end":{"line":58,"column":null}},"16":{"start":{"line":59,"column":4},"end":{"line":59,"column":null}},"17":{"start":{"line":60,"column":4},"end":{"line":60,"column":null}},"18":{"start":{"line":63,"column":2},"end":{"line":75,"column":null}},"19":{"start":{"line":74,"column":4},"end":{"line":74,"column":null}},"20":{"start":{"line":77,"column":2},"end":{"line":106,"column":null}},"21":{"start":{"line":88,"column":4},"end":{"line":90,"column":null}},"22":{"start":{"line":91,"column":4},"end":{"line":93,"column":null}},"23":{"start":{"line":94,"column":4},"end":{"line":96,"column":null}},"24":{"start":{"line":97,"column":4},"end":{"line":99,"column":null}},"25":{"start":{"line":101,"column":4},"end":{"line":101,"column":null}},"26":{"start":{"line":103,"column":4},"end":{"line":105,"column":null}},"27":{"start":{"line":104,"column":6},"end":{"line":104,"column":null}},"28":{"start":{"line":108,"column":2},"end":{"line":137,"column":null}},"29":{"start":{"line":119,"column":4},"end":{"line":121,"column":null}},"30":{"start":{"line":122,"column":4},"end":{"line":124,"column":null}},"31":{"start":{"line":125,"column":4},"end":{"line":127,"column":null}},"32":{"start":{"line":129,"column":4},"end":{"line":129,"column":null}},"33":{"start":{"line":131,"column":4},"end":{"line":136,"column":null}},"34":{"start":{"line":132,"column":6},"end":{"line":132,"column":null}},"35":{"start":{"line":133,"column":6},"end":{"line":133,"column":null}},"36":{"start":{"line":134,"column":6},"end":{"line":134,"column":null}},"37":{"start":{"line":135,"column":6},"end":{"line":135,"column":null}},"38":{"start":{"line":139,"column":2},"end":{"line":154,"column":null}},"39":{"start":{"line":140,"column":5},"end":{"line":140,"column":null}},"40":{"start":{"line":152,"column":24},"end":{"line":152,"column":null}},"41":{"start":{"line":153,"column":4},"end":{"line":153,"column":null}},"42":{"start":{"line":156,"column":2},"end":{"line":171,"column":null}},"43":{"start":{"line":157,"column":5},"end":{"line":157,"column":null}},"44":{"start":{"line":169,"column":24},"end":{"line":169,"column":null}},"45":{"start":{"line":170,"column":4},"end":{"line":170,"column":null}},"46":{"start":{"line":173,"column":2},"end":{"line":236,"column":null}},"47":{"start":{"line":174,"column":24},"end":{"line":174,"column":null}},"48":{"start":{"line":186,"column":4},"end":{"line":188,"column":null}},"49":{"start":{"line":189,"column":4},"end":{"line":191,"column":null}},"50":{"start":{"line":192,"column":4},"end":{"line":194,"column":null}},"51":{"start":{"line":195,"column":4},"end":{"line":197,"column":null}},"52":{"start":{"line":221,"column":4},"end":{"line":235,"column":null}},"53":{"start":{"line":222,"column":6},"end":{"line":223,"column":null}},"54":{"start":{"line":225,"column":6},"end":{"line":228,"column":null}},"55":{"start":{"line":229,"column":6},"end":{"line":231,"column":null}},"56":{"start":{"line":232,"column":6},"end":{"line":234,"column":null}},"57":{"start":{"line":238,"column":2},"end":{"line":275,"column":null}},"58":{"start":{"line":239,"column":24},"end":{"line":239,"column":null}},"59":{"start":{"line":240,"column":24},"end":{"line":240,"column":null}},"60":{"start":{"line":252,"column":26},"end":{"line":252,"column":null}},"61":{"start":{"line":254,"column":4},"end":{"line":256,"column":null}},"62":{"start":{"line":257,"column":4},"end":{"line":259,"column":null}},"63":{"start":{"line":260,"column":4},"end":{"line":262,"column":null}},"64":{"start":{"line":263,"column":4},"end":{"line":265,"column":null}},"65":{"start":{"line":267,"column":4},"end":{"line":267,"column":null}},"66":{"start":{"line":269,"column":4},"end":{"line":272,"column":null}},"67":{"start":{"line":270,"column":6},"end":{"line":270,"column":null}},"68":{"start":{"line":271,"column":6},"end":{"line":271,"column":null}},"69":{"start":{"line":274,"column":4},"end":{"line":274,"column":null}}},"fnMap":{"0":{"name":"(anonymous_0)","decl":{"start":{"line":8,"column":37},"end":{"line":8,"column":44}},"loc":{"start":{"line":8,"column":44},"end":{"line":10,"column":null}}},"1":{"name":"(anonymous_1)","decl":{"start":{"line":12,"column":40},"end":{"line":12,"column":47}},"loc":{"start":{"line":12,"column":47},"end":{"line":20,"column":null}}},"2":{"name":"(anonymous_2)","decl":{"start":{"line":13,"column":23},"end":{"line":13,"column":30}},"loc":{"start":{"line":13,"column":30},"end":{"line":19,"column":null}}},"3":{"name":"(anonymous_3)","decl":{"start":{"line":14,"column":18},"end":{"line":14,"column":19}},"loc":{"start":{"line":14,"column":33},"end":{"line":16,"column":null}}},"4":{"name":"(anonymous_4)","decl":{"start":{"line":27,"column":34},"end":{"line":27,"column":null}},"loc":{"start":{"line":27,"column":34},"end":{"line":276,"column":null}}},"5":{"name":"(anonymous_5)","decl":{"start":{"line":28,"column":13},"end":{"line":28,"column":null}},"loc":{"start":{"line":28,"column":13},"end":{"line":30,"column":null}}},"6":{"name":"(anonymous_6)","decl":{"start":{"line":32,"column":33},"end":{"line":32,"column":null}},"loc":{"start":{"line":32,"column":33},"end":{"line":42,"column":null}}},"7":{"name":"(anonymous_7)","decl":{"start":{"line":44,"column":32},"end":{"line":44,"column":null}},"loc":{"start":{"line":44,"column":32},"end":{"line":61,"column":null}}},"8":{"name":"(anonymous_8)","decl":{"start":{"line":63,"column":34},"end":{"line":63,"column":null}},"loc":{"start":{"line":63,"column":34},"end":{"line":75,"column":null}}},"9":{"name":"(anonymous_9)","decl":{"start":{"line":77,"column":32},"end":{"line":77,"column":null}},"loc":{"start":{"line":77,"column":32},"end":{"line":106,"column":null}}},"10":{"name":"(anonymous_10)","decl":{"start":{"line":103,"column":18},"end":{"line":103,"column":null}},"loc":{"start":{"line":103,"column":18},"end":{"line":105,"column":null}}},"11":{"name":"(anonymous_11)","decl":{"start":{"line":108,"column":61},"end":{"line":108,"column":null}},"loc":{"start":{"line":108,"column":61},"end":{"line":137,"column":null}}},"12":{"name":"(anonymous_12)","decl":{"start":{"line":131,"column":18},"end":{"line":131,"column":null}},"loc":{"start":{"line":131,"column":18},"end":{"line":136,"column":null}}},"13":{"name":"(anonymous_13)","decl":{"start":{"line":139,"column":56},"end":{"line":139,"column":null}},"loc":{"start":{"line":139,"column":56},"end":{"line":154,"column":null}}},"14":{"name":"(anonymous_14)","decl":{"start":{"line":156,"column":62},"end":{"line":156,"column":null}},"loc":{"start":{"line":156,"column":62},"end":{"line":171,"column":null}}},"15":{"name":"(anonymous_15)","decl":{"start":{"line":173,"column":70},"end":{"line":173,"column":null}},"loc":{"start":{"line":173,"column":70},"end":{"line":236,"column":null}}},"16":{"name":"(anonymous_16)","decl":{"start":{"line":221,"column":18},"end":{"line":221,"column":null}},"loc":{"start":{"line":221,"column":18},"end":{"line":235,"column":null}}},"17":{"name":"(anonymous_17)","decl":{"start":{"line":238,"column":54},"end":{"line":238,"column":null}},"loc":{"start":{"line":238,"column":54},"end":{"line":275,"column":null}}},"18":{"name":"(anonymous_18)","decl":{"start":{"line":269,"column":18},"end":{"line":269,"column":null}},"loc":{"start":{"line":269,"column":18},"end":{"line":272,"column":null}}}},"branchMap":{},"s":{"0":1,"1":1,"2":1,"3":1,"4":29,"5":2,"6":1,"7":1,"8":1,"9":1,"10":1,"11":9,"12":1,"13":1,"14":1,"15":1,"16":1,"17":1,"18":1,"19":1,"20":1,"21":1,"22":1,"23":1,"24":1,"25":1,"26":1,"27":2,"28":1,"29":1,"30":1,"31":1,"32":1,"33":1,"34":2,"35":1,"36":1,"37":1,"38":1,"39":1,"40":1,"41":1,"42":1,"43":1,"44":1,"45":1,"46":1,"47":1,"48":1,"49":1,"50":1,"51":1,"52":1,"53":1,"54":1,"55":1,"56":1,"57":1,"58":1,"59":1,"60":1,"61":1,"62":1,"63":1,"64":1,"65":1,"66":1,"67":2,"68":1,"69":1},"f":{"0":1,"1":1,"2":29,"3":2,"4":1,"5":9,"6":1,"7":1,"8":1,"9":1,"10":2,"11":1,"12":2,"13":1,"14":1,"15":1,"16":1,"17":1,"18":2},"b":{}}
,"/Users/belvatalithadwiyanti/Documents/Projects/financial-manager/src/pages/books/fragments/__tests__/BookFormEdit.test.tsx": {"path":"/Users/belvatalithadwiyanti/Documents/Projects/financial-manager/src/pages/books/fragments/__tests__/BookFormEdit.test.tsx","statementMap":{"0":{"start":{"line":7,"column":0},"end":{"line":7,"column":null}},"1":{"start":{"line":8,"column":0},"end":{"line":8,"column":null}},"2":{"start":{"line":10,"column":0},"end":{"line":203,"column":null}},"3":{"start":{"line":11,"column":24},"end":{"line":11,"column":null}},"4":{"start":{"line":12,"column":22},"end":{"line":12,"column":null}},"5":{"start":{"line":13,"column":21},"end":{"line":13,"column":null}},"6":{"start":{"line":15,"column":2},"end":{"line":23,"column":null}},"7":{"start":{"line":16,"column":5},"end":{"line":16,"column":null}},"8":{"start":{"line":17,"column":5},"end":{"line":17,"column":null}},"9":{"start":{"line":18,"column":5},"end":{"line":22,"column":null}},"10":{"start":{"line":25,"column":2},"end":{"line":36,"column":null}},"11":{"start":{"line":35,"column":4},"end":{"line":35,"column":null}},"12":{"start":{"line":38,"column":2},"end":{"line":53,"column":null}},"13":{"start":{"line":49,"column":4},"end":{"line":49,"column":null}},"14":{"start":{"line":50,"column":4},"end":{"line":50,"column":null}},"15":{"start":{"line":51,"column":4},"end":{"line":51,"column":null}},"16":{"start":{"line":52,"column":4},"end":{"line":52,"column":null}},"17":{"start":{"line":55,"column":2},"end":{"line":67,"column":null}},"18":{"start":{"line":66,"column":4},"end":{"line":66,"column":null}},"19":{"start":{"line":69,"column":2},"end":{"line":112,"column":null}},"20":{"start":{"line":70,"column":23},"end":{"line":70,"column":null}},"21":{"start":{"line":71,"column":5},"end":{"line":75,"column":null}},"22":{"start":{"line":87,"column":4},"end":{"line":89,"column":null}},"23":{"start":{"line":90,"column":4},"end":{"line":92,"column":null}},"24":{"start":{"line":93,"column":4},"end":{"line":95,"column":null}},"25":{"start":{"line":96,"column":4},"end":{"line":98,"column":null}},"26":{"start":{"line":100,"column":4},"end":{"line":100,"column":null}},"27":{"start":{"line":102,"column":4},"end":{"line":111,"column":null}},"28":{"start":{"line":103,"column":6},"end":{"line":110,"column":null}},"29":{"start":{"line":114,"column":2},"end":{"line":143,"column":null}},"30":{"start":{"line":125,"column":4},"end":{"line":127,"column":null}},"31":{"start":{"line":128,"column":4},"end":{"line":130,"column":null}},"32":{"start":{"line":131,"column":4},"end":{"line":133,"column":null}},"33":{"start":{"line":135,"column":4},"end":{"line":135,"column":null}},"34":{"start":{"line":137,"column":4},"end":{"line":142,"column":null}},"35":{"start":{"line":138,"column":6},"end":{"line":138,"column":null}},"36":{"start":{"line":139,"column":6},"end":{"line":139,"column":null}},"37":{"start":{"line":140,"column":6},"end":{"line":140,"column":null}},"38":{"start":{"line":141,"column":6},"end":{"line":141,"column":null}},"39":{"start":{"line":145,"column":2},"end":{"line":160,"column":null}},"40":{"start":{"line":146,"column":5},"end":{"line":146,"column":null}},"41":{"start":{"line":158,"column":24},"end":{"line":158,"column":null}},"42":{"start":{"line":159,"column":4},"end":{"line":159,"column":null}},"43":{"start":{"line":162,"column":2},"end":{"line":177,"column":null}},"44":{"start":{"line":163,"column":5},"end":{"line":163,"column":null}},"45":{"start":{"line":175,"column":24},"end":{"line":175,"column":null}},"46":{"start":{"line":176,"column":4},"end":{"line":176,"column":null}},"47":{"start":{"line":179,"column":2},"end":{"line":202,"column":null}},"48":{"start":{"line":180,"column":23},"end":{"line":180,"column":null}},"49":{"start":{"line":180,"column":51},"end":{"line":180,"column":null}},"50":{"start":{"line":181,"column":5},"end":{"line":185,"column":null}},"51":{"start":{"line":197,"column":4},"end":{"line":197,"column":null}},"52":{"start":{"line":199,"column":4},"end":{"line":201,"column":null}},"53":{"start":{"line":200,"column":6},"end":{"line":200,"column":null}}},"fnMap":{"0":{"name":"(anonymous_0)","decl":{"start":{"line":10,"column":25},"end":{"line":10,"column":null}},"loc":{"start":{"line":10,"column":25},"end":{"line":203,"column":null}}},"1":{"name":"(anonymous_1)","decl":{"start":{"line":15,"column":13},"end":{"line":15,"column":null}},"loc":{"start":{"line":15,"column":13},"end":{"line":23,"column":null}}},"2":{"name":"(anonymous_2)","decl":{"start":{"line":25,"column":33},"end":{"line":25,"column":null}},"loc":{"start":{"line":25,"column":33},"end":{"line":36,"column":null}}},"3":{"name":"(anonymous_3)","decl":{"start":{"line":38,"column":38},"end":{"line":38,"column":null}},"loc":{"start":{"line":38,"column":38},"end":{"line":53,"column":null}}},"4":{"name":"(anonymous_4)","decl":{"start":{"line":55,"column":40},"end":{"line":55,"column":null}},"loc":{"start":{"line":55,"column":40},"end":{"line":67,"column":null}}},"5":{"name":"(anonymous_5)","decl":{"start":{"line":69,"column":32},"end":{"line":69,"column":null}},"loc":{"start":{"line":69,"column":32},"end":{"line":112,"column":null}}},"6":{"name":"(anonymous_6)","decl":{"start":{"line":102,"column":18},"end":{"line":102,"column":null}},"loc":{"start":{"line":102,"column":18},"end":{"line":111,"column":null}}},"7":{"name":"(anonymous_7)","decl":{"start":{"line":114,"column":61},"end":{"line":114,"column":null}},"loc":{"start":{"line":114,"column":61},"end":{"line":143,"column":null}}},"8":{"name":"(anonymous_8)","decl":{"start":{"line":137,"column":18},"end":{"line":137,"column":null}},"loc":{"start":{"line":137,"column":18},"end":{"line":142,"column":null}}},"9":{"name":"(anonymous_9)","decl":{"start":{"line":145,"column":56},"end":{"line":145,"column":null}},"loc":{"start":{"line":145,"column":56},"end":{"line":160,"column":null}}},"10":{"name":"(anonymous_10)","decl":{"start":{"line":162,"column":62},"end":{"line":162,"column":null}},"loc":{"start":{"line":162,"column":62},"end":{"line":177,"column":null}}},"11":{"name":"(anonymous_11)","decl":{"start":{"line":179,"column":54},"end":{"line":179,"column":null}},"loc":{"start":{"line":179,"column":54},"end":{"line":202,"column":null}}},"12":{"name":"(anonymous_12)","decl":{"start":{"line":180,"column":29},"end":{"line":180,"column":30}},"loc":{"start":{"line":180,"column":51},"end":{"line":180,"column":null}}},"13":{"name":"(anonymous_13)","decl":{"start":{"line":199,"column":18},"end":{"line":199,"column":null}},"loc":{"start":{"line":199,"column":18},"end":{"line":201,"column":null}}}},"branchMap":{},"s":{"0":1,"1":1,"2":1,"3":1,"4":1,"5":1,"6":1,"7":8,"8":8,"9":8,"10":1,"11":1,"12":1,"13":1,"14":1,"15":1,"16":1,"17":1,"18":1,"19":1,"20":1,"21":1,"22":1,"23":1,"24":1,"25":1,"26":1,"27":1,"28":2,"29":1,"30":1,"31":1,"32":1,"33":1,"34":1,"35":2,"36":1,"37":1,"38":1,"39":1,"40":1,"41":1,"42":1,"43":1,"44":1,"45":1,"46":1,"47":1,"48":1,"49":0,"50":1,"51":1,"52":1,"53":1},"f":{"0":1,"1":8,"2":1,"3":1,"4":1,"5":1,"6":2,"7":1,"8":2,"9":1,"10":1,"11":1,"12":0,"13":1},"b":{}}
[...]
,"loc":{"start":{"line":30,"column":6},"end":{"line":30,"column":null}}},"5":{"name":"(anonymous_5)","decl":{"start":{"line":34,"column":24},"end":{"line":34,"column":null}},"loc":{"start":{"line":34,"column":24},"end":{"line":37,"column":null}}},"6":{"name":"useMasterIncomeFindAll","decl":{"start":{"line":38,"column":16},"end":{"line":38,"column":null}},"loc":{"start":{"line":38,"column":16},"end":{"line":46,"column":null}}},"7":{"name":"(anonymous_7)","decl":{"start":{"line":39,"column":18},"end":{"line":39,"column":null}},"loc":{"start":{"line":39,"column":18},"end":{"line":41,"column":null}}},"8":{"name":"(anonymous_8)","decl":{"start":{"line":48,"column":28},"end":{"line":48,"column":35}},"loc":{"start":{"line":48,"column":35},"end":{"line":55,"column":null}}},"9":{"name":"useGetMasterIncomeById","decl":{"start":{"line":56,"column":16},"end":{"line":56,"column":39}},"loc":{"start":{"line":56,"column":49},"end":{"line":65,"column":null}}},"10":{"name":"(anonymous_10)","decl":{"start":{"line":57,"column":18},"end":{"line":57,"column":null}},"loc":{"start":{"line":57,"column":18},"end":{"line":60,"column":null}}},"11":{"name":"(anonymous_11)","decl":{"start":{"line":67,"column":25},"end":{"line":67,"column":32}},"loc":{"start":{"line":67,"column":32},"end":{"line":76,"column":null}}},"12":{"name":"useEditMasterIncome","decl":{"start":{"line":77,"column":16},"end":{"line":77,"column":null}},"loc":{"start":{"line":77,"column":16},"end":{"line":87,"column":null}}},"13":{"name":"(anonymous_13)","decl":{"start":{"line":78,"column":21},"end":{"line":78,"column":28}},"loc":{"start":{"line":78,"column":28},"end":{"line":80,"column":null}}},"14":{"name":"(anonymous_14)","decl":{"start":{"line":79,"column":39},"end":{"line":79,"column":40}},"loc":{"start":{"line":79,"column":56},"end":{"line":79,"column":null}}},"15":{"name":"(anonymous_15)","decl":{"start":{"line":84,"column":15},"end":{"line":84,"column":null}},"loc":{"start":{"line":85,"column":6},"end":{"line":85,"column":null}}},"16":{"name":"(anonymous_16)","decl":{"start":{"line":89,"column":27},"end":{"line":89,"column":34}},"loc":{"start":{"line":89,"column":34},"end":{"line":97,"column":null}}},"17":{"name":"useDeleteMasterIncome","decl":{"start":{"line":98,"column":16},"end":{"line":98,"column":null}},"loc":{"start":{"line":98,"column":16},"end":{"line":108,"column":null}}},"18":{"name":"(anonymous_18)","decl":{"start":{"line":99,"column":21},"end":{"line":99,"column":28}},"loc":{"start":{"line":99,"column":28},"end":{"line":101,"column":null}}},"19":{"name":"(anonymous_19)","decl":{"start":{"line":100,"column":39},"end":{"line":100,"column":40}},"loc":{"start":{"line":100,"column":56},"end":{"line":100,"column":null}}},"20":{"name":"(anonymous_20)","decl":{"start":{"line":105,"column":15},"end":{"line":105,"column":null}},"loc":{"start":{"line":106,"column":6},"end":{"line":106,"column":null}}}},"branchMap":{"0":{"loc":{"start":{"line":58,"column":4},"end":{"line":58,"column":null}},"type":"if","locations":[{"start":{"line":58,"column":4},"end":{"line":58,"column":null}},{"start":{},"end":{}}]}},"s":{"0":0,"1":0,"2":0,"3":0,"4":0,"5":0,"6":0,"7":0,"8":0,"9":0,"10":0,"11":0,"12":0,"13":0,"14":0,"15":0,"16":0,"17":0,"18":0,"19":0,"20":0,"21":0,"22":0,"23":0,"24":0,"25":0,"26":0,"27":0,"28":0,"29":0,"30":0,"31":0,"32":0,"33":0,"34":0,"35":0,"36":0,"37":0,"38":0,"39":0,"40":0},"f":{"0":0,"1":0,"2":0,"3":0,"4":0,"5":0,"6":0,"7":0,"8":0,"9":0,"10":0,"11":0,"12":0,"13":0,"14":0,"15":0,"16":0,"17":0,"18":0,"19":0,"20":0},"b":{"0":[0,0]}}
,"/Users/belvatalithadwiyanti/Documents/Projects/financial-manager/src/repositories/sheetFixedExpense/model.ts": {"path":"/Users/belvatalithadwiyanti/Documents/Projects/financial-manager/src/repositories/sheetFixedExpense/model.ts","statementMap":{"0":{"start":{"line":3,"column":39},"end":{"line":13,"column":3}}},"fnMap":{},"branchMap":{},"s":{"0":0},"f":{},"b":{}}
,"/Users/belvatalithadwiyanti/Documents/Projects/financial-manager/src/repositories/sheetFixedExpense/service.ts": {"path":"/Users/belvatalithadwiyanti/Documents/Projects/financial-manager/src/repositories/sheetFixedExpense/service.ts","statementMap":{"0":{"start":{"line":11,"column":18},"end":{"line":11,"column":null}},"1":{"start":{"line":12,"column":12},"end":{"line":12,"column":null}},"2":{"start":{"line":14,"column":32},"end":{"line":21,"column":null}},"3":{"start":{"line":15,"column":14},"end":{"line":19,"column":null}},"4":{"start":{"line":20,"column":2},"end":{"line":20,"column":null}},"5":{"start":{"line":23,"column":21},"end":{"line":25,"column":null}},"6":{"start":{"line":24,"column":4},"end":{"line":24,"column":null}},"7":{"start":{"line":24,"column":63},"end":{"line":24,"column":null}},"8":{"start":{"line":26,"column":2},"end":{"line":31,"column":null}},"9":{"start":{"line":30,"column":6},"end":{"line":30,"column":null}},"10":{"start":{"line":34,"column":29},"end":{"line":40,"column":null}},"11":{"start":{"line":35,"column":14},"end":{"line":38,"column":null}},"12":{"start":{"line":39,"column":2},"end":{"line":39,"column":null}},"13":{"start":{"line":42,"column":18},"end":{"line":45,"column":null}},"14":{"start":{"line":43,"column":4},"end":{"line":43,"column":null}},"15":{"start":{"line":43,"column":17},"end":{"line":43,"column":null}},"16":{"start":{"line":44,"column":4},"end":{"line":44,"column":null}},"17":{"start":{"line":46,"column":2},"end":{"line":49,"column":null}},"18":{"start":{"line":52,"column":33},"end":{"line":59,"column":null}},"19":{"start":{"line":53,"column":14},"end":{"line":57,"column":null}},"20":{"start":{"line":58,"column":2},"end":{"line":58,"column":null}},"21":{"start":{"line":61,"column":18},"end":{"line":64,"column":null}},"22":{"start":{"line":62,"column":4},"end":{"line":62,"column":null}},"23":{"start":{"line":62,"column":13},"end":{"line":62,"column":null}},"24":{"start":{"line":63,"column":4},"end":{"line":63,"column":null}},"25":{"start":{"line":65,"column":2},"end":{"line":68,"column":null}},"26":{"start":{"line":71,"column":30},"end":{"line":80,"column":null}},"27":{"start":{"line":72,"column":26},"end":{"line":72,"column":null}},"28":{"start":{"line":73,"column":14},"end":{"line":78,"column":null}},"29":{"start":{"line":79,"column":2},"end":{"line":79,"column":null}},"30":{"start":{"line":82,"column":21},"end":{"line":84,"column":null}},"31":{"start":{"line":83,"column":4},"end":{"line":83,"column":null}},"32":{"start":{"line":83,"column":61},"end":{"line":83,"column":null}},"33":{"start":{"line":85,"column":2},"end":{"line":90,"column":null}},"34":{"start":{"line":89,"column":6},"end":{"line":89,"column":null}},"35":{"start":{"line":93,"column":32},"end":{"line":101,"column":null}},"36":{"start":{"line":94,"column":14},"end":{"line":99,"column":null}},"37":{"start":{"line":100,"column":2},"end":{"line":100,"column":null}},"38":{"start":{"line":103,"column":21},"end":{"line":105,"column":null}},"39":{"start":{"line":104,"column":4},"end":{"line":104,"column":null}},"40":{"start":{"line":104,"column":61},"end":{"line":104,"column":null}},"41":{"start":{"line":106,"column":2},"end":{"line":111,"column":null}},"42":{"start":{"line":110,"column":6},"end":{"line":110,"column":null}}},"fnMap":{"0":{"name":"(anonymous_0)","decl":{"start":{"line":14,"column":32},"end":{"line":14,"column":39}},"loc":{"start":{"line":14,"column":39},"end":{"line":21,"column":null}}},"1":{"name":"useCreateSheetFixedExpense","decl":{"start":{"line":22,"column":16},"end":{"line":22,"column":null}},"loc":{"start":{"line":22,"column":16},"end":{"line":32,"column":null}}},"2":{"name":"(anonymous_2)","decl":{"start":{"line":23,"column":21},"end":{"line":23,"column":28}},"loc":{"start":{"line":23,"column":28},"end":{"line":25,"column":null}}},"3":{"name":"(anonymous_3)","decl":{"start":{"line":24,"column":46},"end":{"line":24,"column":47}},"loc":{"start":{"line":24,"column":63},"end":{"line":24,"column":null}}},"4":{"name":"(anonymous_4)","decl":{"start":{"line":29,"column":15},"end":{"line":29,"column":null}},"loc":{"start":{"line":30,"column":6},"end":{"line":30,"column":null}}},"5":{"name":"(anonymous_5)","decl":{"start":{"line":34,"column":29},"end":{"line":34,"column":36}},"loc":{"start":{"line":34,"column":36},"end":{"line":40,"column":null}}},"6":{"name":"useSheetFixedExpenseFindAll","decl":{"start":{"line":41,"column":16},"end":{"line":41,"column":44}},"loc":{"start":{"line":41,"column":58},"end":{"line":50,"column":null}}},"7":{"name":"(anonymous_7)","decl":{"start":{"line":42,"column":18},"end":{"line":42,"column":null}},"loc":{"start":{"line":42,"column":18},"end":{"line":45,"column":null}}},"8":{"name":"(anonymous_8)","decl":{"start":{"line":52,"column":33},"end":{"line":52,"column":40}},"loc":{"start":{"line":52,"column":40},"end":{"line":59,"column":null}}},"9":{"name":"useGetSheetFixedExpenseById","decl":{"start":{"line":60,"column":16},"end":{"line":60,"column":44}},"loc":{"start":{"line":60,"column":54},"end":{"line":69,"column":null}}},"10":{"name":"(anonymous_10)","decl":{"start":{"line":61,"column":18},"end":{"line":61,"column":null}},"loc":{"start":{"line":61,"column":18},"end":{"line":64,"column":null}}},"11":{"name":"(anonymous_11)","decl":{"start":{"line":71,"column":30},"end":{"line":71,"column":37}},"loc":{"start":{"line":71,"column":37},"end":{"line":80,"column":null}}},"12":{"name":"useEditSheetFixedExpense","decl":{"start":{"line":81,"column":16},"end":{"line":81,"column":null}},"loc":{"start":{"line":81,"column":16},"end":{"line":91,"column":null}}},"13":{"name":"(anonymous_13)","decl":{"start":{"line":82,"column":21},"end":{"line":82,"column":28}},"loc":{"start":{"line":82,"column":28},"end":{"line":84,"column":null}}},"14":{"name":"(anonymous_14)","decl":{"start":{"line":83,"column":44},"end":{"line":83,"column":45}},"loc":{"start":{"line":83,"column":61},"end":{"line":83,"column":null}}},"15":{"name":"(anonymous_15)","decl":{"start":{"line":88,"column":15},"end":{"line":88,"column":null}},"loc":{"start":{"line":89,"column":6},"end":{"line":89,"column":null}}},"16":{"name":"(anonymous_16)","decl":{"start":{"line":93,"column":32},"end":{"line":93,"column":39}},"loc":{"start":{"line":93,"column":39},"end":{"line":101,"column":null}}},"17":{"name":"useDeleteSheetFixedExpense","decl":{"start":{"line":102,"column":16},"end":{"line":102,"column":null}},"loc":{"start":{"line":102,"column":16},"end":{"line":112,"column":null}}},"18":{"name":"(anonymous_18)","decl":{"start":{"line":103,"column":21},"end":{"line":103,"column":28}},"loc":{"start":{"line":103,"column":28},"end":{"line":105,"column":null}}},"19":{"name":"(anonymous_19)","decl":{"start":{"line":104,"column":44},"end":{"line":104,"column":45}},"loc":{"start":{"line":104,"column":61},"end":{"line":104,"column":null}}},"20":{"name":"(anonymous_20)","decl":{"start":{"line":109,"column":15},"end":{"line":109,"column":null}},"loc":{"start":{"line":110,"column":6},"end":{"line":110,"column":null}}}},"branchMap":{"0":{"loc":{"start":{"line":43,"column":4},"end":{"line":43,"column":null}},"type":"if","locations":[{"start":{"line":43,"column":4},"end":{"line":43,"column":null}},{"start":{},"end":{}}]},"1":{"loc":{"start":{"line":62,"column":4},"end":{"line":62,"column":null}},"type":"if","locations":[{"start":{"line":62,"column":4},"end":{"line":62,"column":null}},{"start":{},"end":{}}]}},"s":{"0":0,"1":0,"2":0,"3":0,"4":0,"5":0,"6":0,"7":0,"8":0,"9":0,"10":0,"11":0,"12":0,"13":0,"14":0,"15":0,"16":0,"17":0,"18":0,"19":0,"20":0,"21":0,"22":0,"23":0,"24":0,"25":0,"26":0,"27":0,"28":0,"29":0,"30":0,"31":0,"32":0,"33":0,"34":0,"35":0,"36":0,"37":0,"38":0,"39":0,"40":0,"41":0,"42":0},"f":{"0":0,"1":0,"2":0,"3":0,"4":0,"5":0,"6":0,"7":0,"8":0,"9":0,"10":0,"11":0,"12":0,"13":0,"14":0,"15":0,"16":0,"17":0,"18":0,"19":0,"20":0},"b":{"0":[0,0],"1":[0,0]}}
,"/Users/belvatalithadwiyanti/Documents/Projects/financial-manager/src/repositories/sheetIncome/model.ts": {"path":"/Users/belvatalithadwiyanti/Documents/Projects/financial-manager/src/repositories/sheetIncome/model.ts","statementMap":{"0":{"start":{"line":3,"column":33},"end":{"line":13,"column":3}}},"fnMap":{},"branchMap":{},"s":{"0":0},"f":{},"b":{}}
,"/Users/belvatalithadwiyanti/Documents/Projects/financial-manager/src/repositories/sheetIncome/service.ts": {"path":"/Users/belvatalithadwiyanti/Documents/Projects/financial-manager/src/repositories/sheetIncome/service.ts","statementMap":{"0":{"start":{"line":11,"column":18},"end":{"line":11,"column":null}},"1":{"start":{"line":12,"column":12},"end":{"line":12,"column":null}},"2":{"start":{"line":14,"column":26},"end":{"line":21,"column":null}},"3":{"start":{"line":15,"column":14},"end":{"line":19,"column":null}},"4":{"start":{"line":20,"column":2},"end":{"line":20,"column":null}},"5":{"start":{"line":23,"column":21},"end":{"line":25,"column":null}},"6":{"start":{"line":24,"column":4},"end":{"line":24,"column":null}},"7":{"start":{"line":24,"column":57},"end":{"line":24,"column":null}},"8":{"start":{"line":26,"column":2},"end":{"line":31,"column":null}},"9":{"start":{"line":30,"column":6},"end":{"line":30,"column":null}},"10":{"start":{"line":34,"column":23},"end":{"line":37,"column":null}},"11":{"start":{"line":35,"column":14},"end":{"line":35,"column":null}},"12":{"start":{"line":36,"column":2},"end":{"line":36,"column":null}},"13":{"start":{"line":39,"column":18},"end":{"line":42,"column":null}},"14":{"start":{"line":40,"column":4},"end":{"line":40,"column":null}},"15":{"start":{"line":40,"column":17},"end":{"line":40,"column":null}},"16":{"start":{"line":41,"column":4},"end":{"line":41,"column":null}},"17":{"start":{"line":43,"column":2},"end":{"line":46,"column":null}},"18":{"start":{"line":49,"column":27},"end":{"line":56,"column":null}},"19":{"start":{"line":50,"column":14},"end":{"line":54,"column":null}},"20":{"start":{"line":55,"column":2},"end":{"line":55,"column":null}},"21":{"start":{"line":58,"column":18},"end":{"line":61,"column":null}},"22":{"start":{"line":59,"column":4},"end":{"line":59,"column":null}},"23":{"start":{"line":59,"column":13},"end":{"line":59,"column":null}},"24":{"start":{"line":60,"column":4},"end":{"line":60,"column":null}},"25":{"start":{"line":62,"column":2},"end":{"line":65,"column":null}},"26":{"start":{"line":68,"column":24},"end":{"line":77,"column":null}},"27":{"start":{"line":69,"column":26},"end":{"line":69,"column":null}},"28":{"start":{"line":70,"column":14},"end":{"line":75,"column":null}},"29":{"start":{"line":76,"column":2},"end":{"line":76,"column":null}},"30":{"start":{"line":79,"column":21},"end":{"line":81,"column":null}},"31":{"start":{"line":80,"column":4},"end":{"line":80,"column":null}},"32":{"start":{"line":80,"column":55},"end":{"line":80,"column":null}},"33":{"start":{"line":82,"column":2},"end":{"line":87,"column":null}},"34":{"start":{"line":86,"column":6},"end":{"line":86,"column":null}},"35":{"start":{"line":90,"column":26},"end":{"line":98,"column":null}},"36":{"start":{"line":91,"column":14},"end":{"line":96,"column":null}},"37":{"start":{"line":97,"column":2},"end":{"line":97,"column":null}},"38":{"start":{"line":100,"column":21},"end":{"line":102,"column":null}},"39":{"start":{"line":101,"column":4},"end":{"line":101,"column":null}},"40":{"start":{"line":101,"column":55},"end":{"line":101,"column":null}},"41":{"start":{"line":103,"column":2},"end":{"line":108,"column":null}},"42":{"start":{"line":107,"column":6},"end":{"line":107,"column":null}}},"fnMap":{"0":{"name":"(anonymous_0)","decl":{"start":{"line":14,"column":26},"end":{"line":14,"column":33}},"loc":{"start":{"line":14,"column":33},"end":{"line":21,"column":null}}},"1":{"name":"useCreateSheetIncome","decl":{"start":{"line":22,"column":16},"end":{"line":22,"column":null}},"loc":{"start":{"line":22,"column":16},"end":{"line":32,"column":null}}},"2":{"name":"(anonymous_2)","decl":{"start":{"line":23,"column":21},"end":{"line":23,"column":28}},"loc":{"start":{"line":23,"column":28},"end":{"line":25,"column":null}}},"3":{"name":"(anonymous_3)","decl":{"start":{"line":24,"column":40},"end":{"line":24,"column":41}},"loc":{"start":{"line":24,"column":57},"end":{"line":24,"column":null}}},"4":{"name":"(anonymous_4)","decl":{"start":{"line":29,"column":15},"end":{"line":29,"column":null}},"loc":{"start":{"line":30,"column":6},"end":{"line":30,"column":null}}},"5":{"name":"(anonymous_5)","decl":{"start":{"line":34,"column":23},"end":{"line":34,"column":30}},"loc":{"start":{"line":34,"column":30},"end":{"line":37,"column":null}}},"6":{"name":"useSheetIncomeFindAll","decl":{"start":{"line":38,"column":16},"end":{"line":38,"column":38}},"loc":{"start":{"line":38,"column":51},"end":{"line":47,"column":null}}},"7":{"name":"(anonymous_7)","decl":{"start":{"line":39,"column":18},"end":{"line":39,"column":null}},"loc":{"start":{"line":39,"column":18},"end":{"line":42,"column":null}}},"8":{"name":"(anonymous_8)","decl":{"start":{"line":49,"column":27},"end":{"line":49,"column":34}},"loc":{"start":{"line":49,"column":34},"end":{"line":56,"column":null}}},"9":{"name":"useGetSheetIncomeById","decl":{"start":{"line":57,"column":16},"end":{"line":57,"column":38}},"loc":{"start":{"line":57,"column":48},"end":{"line":66,"column":null}}},"10":{"name":"(anonymous_10)","decl":{"start":{"line":58,"column":18},"end":{"line":58,"column":null}},"loc":{"start":{"line":58,"column":18},"end":{"line":61,"column":null}}},"11":{"name":"(anonymous_11)","decl":{"start":{"line":68,"column":24},"end":{"line":68,"column":31}},"loc":{"start":{"line":68,"column":31},"end":{"line":77,"column":null}}},"12":{"name":"useEditSheetIncome","decl":{"start":{"line":78,"column":16},"end":{"line":78,"column":null}},"loc":{"start":{"line":78,"column":16},"end":{"line":88,"column":null}}},"13":{"name":"(anonymous_13)","decl":{"start":{"line":79,"column":21},"end":{"line":79,"column":28}},"loc":{"start":{"line":79,"column":28},"end":{"line":81,"column":null}}},"14":{"name":"(anonymous_14)","decl":{"start":{"line":80,"column":38},"end":{"line":80,"column":39}},"loc":{"start":{"line":80,"column":55},"end":{"line":80,"column":null}}},"15":{"name":"(anonymous_15)","decl":{"start":{"line":85,"column":15},"end":{"line":85,"column":null}},"loc":{"start":{"line":86,"column":6},"end":{"line":86,"column":null}}},"16":{"name":"(anonymous_16)","decl":{"start":{"line":90,"column":26},"end":{"line":90,"column":33}},"loc":{"start":{"line":90,"column":33},"end":{"line":98,"column":null}}},"17":{"name":"useDeleteSheetIncome","decl":{"start":{"line":99,"column":16},"end":{"line":99,"column":null}},"loc":{"start":{"line":99,"column":16},"end":{"line":109,"column":null}}},"18":{"name":"(anonymous_18)","decl":{"start":{"line":100,"column":21},"end":{"line":100,"column":28}},"loc":{"start":{"line":100,"column":28},"end":{"line":102,"column":null}}},"19":{"name":"(anonymous_19)","decl":{"start":{"line":101,"column":38},"end":{"line":101,"column":39}},"loc":{"start":{"line":101,"column":55},"end":{"line":101,"column":null}}},"20":{"name":"(anonymous_20)","decl":{"start":{"line":106,"column":15},"end":{"line":106,"column":null}},"loc":{"start":{"line":107,"column":6},"end":{"line":107,"column":null}}}},"branchMap":{"0":{"loc":{"start":{"line":40,"column":4},"end":{"line":40,"column":null}},"type":"if","locations":[{"start":{"line":40,"column":4},"end":{"line":40,"column":null}},{"start":{},"end":{}}]},"1":{"loc":{"start":{"line":59,"column":4},"end":{"line":59,"column":null}},"type":"if","locations":[{"start":{"line":59,"column":4},"end":{"line":59,"column":null}},{"start":{},"end":{}}]}},"s":{"0":0,"1":0,"2":0,"3":0,"4":0,"5":0,"6":0,"7":0,"8":0,"9":0,"10":0,"11":0,"12":0,"13":0,"14":0,"15":0,"16":0,"17":0,"18":0,"19":0,"20":0,"21":0,"22":0,"23":0,"24":0,"25":0,"26":0,"27":0,"28":0,"29":0,"30":0,"31":0,"32":0,"33":0,"34":0,"35":0,"36":0,"37":0,"38":0,"39":0,"40":0,"41":0,"42":0},"f":{"0":0,"1":0,"2":0,"3":0,"4":0,"5":0,"6":0,"7":0,"8":0,"9":0,"10":0,"11":0,"12":0,"13":0,"14":0,"15":0,"16":0,"17":0,"18":0,"19":0,"20":0},"b":{"0":[0,0],"1":[0,0]}}
}
